This file contains any messages produced by compilers while
running configure, to aid debugging if configure makes a mistake.

It was created by configure, which was
generated by GNU Autoconf 2.59.  Invocation command line was

  $ ../../../../newlib-1.16.0/libgloss/i386/configure --prefix=/usr/src/xen_build_from_xen_source/xen-4.1.2/stubdom/cross-root-i686 --cache-file=./config.cache --with-newlib --with-cross-host=x86_64-unknown-linux-gnu --prefix=/usr/src/xen_build_from_xen_source/xen-4.1.2/stubdom/cross-root-i686 --verbose --target=i686-xen-elf --enable-newlib-io-long-long --disable-multilib --program-transform-name=s,^,i686-xen-elf-, --with-target-subdir=i686-xen-elf --build=x86_64-unknown-linux-gnu --host=i686-xen-elf --target=i686-xen-elf --srcdir=../../../newlib-1.16.0/libgloss build_alias=x86_64-unknown-linux-gnu host_alias=i686-xen-elf target_alias=i686-xen-elf --cache-file=.././config.cache --srcdir=../../../../newlib-1.16.0/libgloss/i386

## --------- ##
## Platform. ##
## --------- ##

hostname = node0301
uname -m = x86_64
uname -r = 3.1.0-1-amd64
uname -s = Linux
uname -v = #1 SMP Tue Jan 10 05:01:58 UTC 2012

/usr/bin/uname -p = unknown
/bin/uname -X     = unknown

/bin/arch              = unknown
/usr/bin/arch -k       = unknown
/usr/convex/getsysinfo = unknown
hostinfo               = unknown
/bin/machine           = unknown
/usr/bin/oslevel       = unknown
/bin/universe          = unknown

PATH: /usr/local/sbin
PATH: /usr/local/bin
PATH: /usr/sbin
PATH: /usr/bin
PATH: /sbin
PATH: /bin
PATH: /opt/dell/srvadmin/sbin


## ----------- ##
## Core tests. ##
## ----------- ##

configure:1161: loading cache .././config.cache
configure:1295: checking build system type
configure:1313: result: x86_64-unknown-linux-gnu
configure:1321: checking host system type
configure:1335: result: i686-xen-elf
configure:1343: checking target system type
configure:1357: result: i686-xen-elf
configure:1398: checking for a BSD-compatible install
configure:1453: result: /usr/bin/install -c
configure:1495: checking for style of include used by make
configure:1523: result: GNU
configure:1550: checking for gcc
configure:1576: result: gcc -isystem /usr/src/xen_build_from_xen_source/xen-4.1.2/stubdom/../extras/mini-os/include -D__MINIOS__ -DHAVE_LIBC -isystem /usr/src/xen_build_from_xen_source/xen-4.1.2/stubdom/../extras/mini-os/include/posix -isystem /usr/src/xen_build_from_xen_source/xen-4.1.2/stubdom/../tools/xenstore  -isystem /usr/src/xen_build_from_xen_source/xen-4.1.2/stubdom/../extras/mini-os/include/x86 -isystem /usr/src/xen_build_from_xen_source/xen-4.1.2/stubdom/../extras/mini-os/include/x86/x86_32 -U __linux__ -U __FreeBSD__ -U __sun__ -nostdinc -isystem /usr/src/xen_build_from_xen_source/xen-4.1.2/stubdom/../extras/mini-os/include/posix -isystem /usr/src/xen_build_from_xen_source/xen-4.1.2/stubdom/cross-root-i686/i686-xen-elf/include -isystem /usr/lib/gcc/x86_64-linux-gnu/4.6/include -isystem /usr/src/xen_build_from_xen_source/xen-4.1.2/stubdom/lwip-x86_32/src/include -isystem /usr/src/xen_build_from_xen_source/xen-4.1.2/stubdom/lwip-x86_32/src/include/ipv4 -I/usr/src/xen_build_from_xen_source/xen-4.1.2/stubdom/include -I/usr/src/xen_build_from_xen_source/xen-4.1.2/stubdom/../xen/include  -O1 -fno-omit-frame-pointer -fno-optimize-sibling-calls  -m32 -march=i686 -m32 -march=i686 -g -fno-strict-aliasing -std=gnu99 -Wall -Wstrict-prototypes -Wno-unused-value -Wdeclaration-after-statement -Wno-unused-but-set-variable  -fno-stack-protector -fno-exceptions -D_I386MACH_ALLOW_HW_INTERRUPTS -B/usr/src/xen_build_from_xen_source/xen-4.1.2/stubdom/newlib-x86_32/i686-xen-elf/newlib/ -isystem /usr/src/xen_build_from_xen_source/xen-4.1.2/stubdom/newlib-x86_32/i686-xen-elf/newlib/targ-include -isystem /usr/src/xen_build_from_xen_source/xen-4.1.2/stubdom/newlib-1.16.0/newlib/libc/include -B/usr/src/xen_build_from_xen_source/xen-4.1.2/stubdom/newlib-x86_32/i686-xen-elf/libgloss/i386 -L/usr/src/xen_build_from_xen_source/xen-4.1.2/stubdom/newlib-x86_32/i686-xen-elf/libgloss/libnosys -L/usr/src/xen_build_from_xen_source/xen-4.1.2/stubdom/newlib-1.16.0/libgloss/i386
configure:1586: checking dependency style of gcc -isystem /usr/src/xen_build_from_xen_source/xen-4.1.2/stubdom/../extras/mini-os/include -D__MINIOS__ -DHAVE_LIBC -isystem /usr/src/xen_build_from_xen_source/xen-4.1.2/stubdom/../extras/mini-os/include/posix -isystem /usr/src/xen_build_from_xen_source/xen-4.1.2/stubdom/../tools/xenstore  -isystem /usr/src/xen_build_from_xen_source/xen-4.1.2/stubdom/../extras/mini-os/include/x86 -isystem /usr/src/xen_build_from_xen_source/xen-4.1.2/stubdom/../extras/mini-os/include/x86/x86_32 -U __linux__ -U __FreeBSD__ -U __sun__ -nostdinc -isystem /usr/src/xen_build_from_xen_source/xen-4.1.2/stubdom/../extras/mini-os/include/posix -isystem /usr/src/xen_build_from_xen_source/xen-4.1.2/stubdom/cross-root-i686/i686-xen-elf/include -isystem /usr/lib/gcc/x86_64-linux-gnu/4.6/include -isystem /usr/src/xen_build_from_xen_source/xen-4.1.2/stubdom/lwip-x86_32/src/include -isystem /usr/src/xen_build_from_xen_source/xen-4.1.2/stubdom/lwip-x86_32/src/include/ipv4 -I/usr/src/xen_build_from_xen_source/xen-4.1.2/stubdom/include -I/usr/src/xen_build_from_xen_source/xen-4.1.2/stubdom/../xen/include  -O1 -fno-omit-frame-pointer -fno-optimize-sibling-calls  -m32 -march=i686 -m32 -march=i686 -g -fno-strict-aliasing -std=gnu99 -Wall -Wstrict-prototypes -Wno-unused-value -Wdeclaration-after-statement -Wno-unused-but-set-variable  -fno-stack-protector -fno-exceptions -D_I386MACH_ALLOW_HW_INTERRUPTS -B/usr/src/xen_build_from_xen_source/xen-4.1.2/stubdom/newlib-x86_32/i686-xen-elf/newlib/ -isystem /usr/src/xen_build_from_xen_source/xen-4.1.2/stubdom/newlib-x86_32/i686-xen-elf/newlib/targ-include -isystem /usr/src/xen_build_from_xen_source/xen-4.1.2/stubdom/newlib-1.16.0/newlib/libc/include -B/usr/src/xen_build_from_xen_source/xen-4.1.2/stubdom/newlib-x86_32/i686-xen-elf/libgloss/i386 -L/usr/src/xen_build_from_xen_source/xen-4.1.2/stubdom/newlib-x86_32/i686-xen-elf/libgloss/libnosys -L/usr/src/xen_build_from_xen_source/xen-4.1.2/stubdom/newlib-1.16.0/libgloss/i386
configure:1676: result: gcc3
configure:1751: checking whether we are using GNU C
configure:1772: result: yes
configure:1783: checking whether gcc -isystem /usr/src/xen_build_from_xen_source/xen-4.1.2/stubdom/../extras/mini-os/include -D__MINIOS__ -DHAVE_LIBC -isystem /usr/src/xen_build_from_xen_source/xen-4.1.2/stubdom/../extras/mini-os/include/posix -isystem /usr/src/xen_build_from_xen_source/xen-4.1.2/stubdom/../tools/xenstore  -isystem /usr/src/xen_build_from_xen_source/xen-4.1.2/stubdom/../extras/mini-os/include/x86 -isystem /usr/src/xen_build_from_xen_source/xen-4.1.2/stubdom/../extras/mini-os/include/x86/x86_32 -U __linux__ -U __FreeBSD__ -U __sun__ -nostdinc -isystem /usr/src/xen_build_from_xen_source/xen-4.1.2/stubdom/../extras/mini-os/include/posix -isystem /usr/src/xen_build_from_xen_source/xen-4.1.2/stubdom/cross-root-i686/i686-xen-elf/include -isystem /usr/lib/gcc/x86_64-linux-gnu/4.6/include -isystem /usr/src/xen_build_from_xen_source/xen-4.1.2/stubdom/lwip-x86_32/src/include -isystem /usr/src/xen_build_from_xen_source/xen-4.1.2/stubdom/lwip-x86_32/src/include/ipv4 -I/usr/src/xen_build_from_xen_source/xen-4.1.2/stubdom/include -I/usr/src/xen_build_from_xen_source/xen-4.1.2/stubdom/../xen/include  -O1 -fno-omit-frame-pointer -fno-optimize-sibling-calls  -m32 -march=i686 -m32 -march=i686 -g -fno-strict-aliasing -std=gnu99 -Wall -Wstrict-prototypes -Wno-unused-value -Wdeclaration-after-statement -Wno-unused-but-set-variable  -fno-stack-protector -fno-exceptions -D_I386MACH_ALLOW_HW_INTERRUPTS -B/usr/src/xen_build_from_xen_source/xen-4.1.2/stubdom/newlib-x86_32/i686-xen-elf/newlib/ -isystem /usr/src/xen_build_from_xen_source/xen-4.1.2/stubdom/newlib-x86_32/i686-xen-elf/newlib/targ-include -isystem /usr/src/xen_build_from_xen_source/xen-4.1.2/stubdom/newlib-1.16.0/newlib/libc/include -B/usr/src/xen_build_from_xen_source/xen-4.1.2/stubdom/newlib-x86_32/i686-xen-elf/libgloss/i386 -L/usr/src/xen_build_from_xen_source/xen-4.1.2/stubdom/newlib-x86_32/i686-xen-elf/libgloss/libnosys -L/usr/src/xen_build_from_xen_source/xen-4.1.2/stubdom/newlib-1.16.0/libgloss/i386 accepts -g
configure:1834: result: no
configure:1875: checking for i686-xen-elf-ranlib
configure:1901: result: ranlib
configure:2108: creating ./config.status

## ---------------------- ##
## Running config.status. ##
## ---------------------- ##

This file was extended by config.status, which was
generated by GNU Autoconf 2.59.  Invocation command line was

  CONFIG_FILES    = 
  CONFIG_HEADERS  = 
  CONFIG_LINKS    = 
  CONFIG_COMMANDS = 
  $ ./config.status 

on node0301

config.status:687: creating Makefile
config.status:867: executing depfiles commands

## ---------------- ##
## Cache variables. ##
## ---------------- ##

ac_cv_build=x86_64-unknown-linux-gnu
ac_cv_build_alias=x86_64-unknown-linux-gnu
ac_cv_c_compiler_gnu=yes
ac_cv_env_CCASFLAGS_set=
ac_cv_env_CCASFLAGS_value=
ac_cv_env_CCAS_set=
ac_cv_env_CCAS_value=
ac_cv_env_build_alias_set=set
ac_cv_env_build_alias_value=x86_64-unknown-linux-gnu
ac_cv_env_host_alias_set=set
ac_cv_env_host_alias_value=i686-xen-elf
ac_cv_env_target_alias_set=set
ac_cv_env_target_alias_value=i686-xen-elf
ac_cv_host=i686-xen-elf
ac_cv_host_alias=i686-xen-elf
ac_cv_prog_AR=ar
ac_cv_prog_AWK=gawk
ac_cv_prog_CC='gcc -isystem /usr/src/xen_build_from_xen_source/xen-4.1.2/stubdom/../extras/mini-os/include -D__MINIOS__ -DHAVE_LIBC -isystem /usr/src/xen_build_from_xen_source/xen-4.1.2/stubdom/../extras/mini-os/include/posix -isystem /usr/src/xen_build_from_xen_source/xen-4.1.2/stubdom/../tools/xenstore  -isystem /usr/src/xen_build_from_xen_source/xen-4.1.2/stubdom/../extras/mini-os/include/x86 -isystem /usr/src/xen_build_from_xen_source/xen-4.1.2/stubdom/../extras/mini-os/include/x86/x86_32 -U __linux__ -U __FreeBSD__ -U __sun__ -nostdinc -isystem /usr/src/xen_build_from_xen_source/xen-4.1.2/stubdom/../extras/mini-os/include/posix -isystem /usr/src/xen_build_from_xen_source/xen-4.1.2/stubdom/cross-root-i686/i686-xen-elf/include -isystem /usr/lib/gcc/x86_64-linux-gnu/4.6/include -isystem /usr/src/xen_build_from_xen_source/xen-4.1.2/stubdom/lwip-x86_32/src/include -isystem /usr/src/xen_build_from_xen_source/xen-4.1.2/stubdom/lwip-x86_32/src/include/ipv4 -I/usr/src/xen_build_from_xen_source/xen-4.1.2/stubdom/include -I/usr/src/xen_build_from_xen_source/xen-4.1.2/stubdom/../xen/include  -O1 -fno-omit-frame-pointer -fno-optimize-sibling-calls  -m32 -march=i686 -m32 -march=i686 -g -fno-strict-aliasing -std=gnu99 -Wall -Wstrict-prototypes -Wno-unused-value -Wdeclaration-after-statement -Wno-unused-but-set-variable  -fno-stack-protector -fno-exceptions -D_I386MACH_ALLOW_HW_INTERRUPTS -B/usr/src/xen_build_from_xen_source/xen-4.1.2/stubdom/newlib-x86_32/i686-xen-elf/newlib/ -isystem /usr/src/xen_build_from_xen_source/xen-4.1.2/stubdom/newlib-x86_32/i686-xen-elf/newlib/targ-include -isystem /usr/src/xen_build_from_xen_source/xen-4.1.2/stubdom/newlib-1.16.0/newlib/libc/include -B/usr/src/xen_build_from_xen_source/xen-4.1.2/stubdom/newlib-x86_32/i686-xen-elf/libgloss/i386 -L/usr/src/xen_build_from_xen_source/xen-4.1.2/stubdom/newlib-x86_32/i686-xen-elf/libgloss/libnosys -L/usr/src/xen_build_from_xen_source/xen-4.1.2/stubdom/newlib-1.16.0/libgloss/i386'
ac_cv_prog_RANLIB=ranlib
ac_cv_prog_STRIP=i686-xen-elf-strip
ac_cv_prog_cc_g=no
ac_cv_prog_make_make_set=yes
ac_cv_target=i686-xen-elf
ac_cv_target_alias=i686-xen-elf
am_cv_CC_dependencies_compiler_type=gcc3
libc_cv_asm_popsection_directive=yes
libc_cv_asm_previous_directive=yes
libc_cv_section_attributes=yes

## ----------------- ##
## Output variables. ##
## ----------------- ##

AMDEPBACKSLASH='\'
AMDEP_FALSE='#'
AMDEP_TRUE=''
AR='ar'
AS='i686-xen-elf-as'
CC='gcc -isystem /usr/src/xen_build_from_xen_source/xen-4.1.2/stubdom/../extras/mini-os/include -D__MINIOS__ -DHAVE_LIBC -isystem /usr/src/xen_build_from_xen_source/xen-4.1.2/stubdom/../extras/mini-os/include/posix -isystem /usr/src/xen_build_from_xen_source/xen-4.1.2/stubdom/../tools/xenstore  -isystem /usr/src/xen_build_from_xen_source/xen-4.1.2/stubdom/../extras/mini-os/include/x86 -isystem /usr/src/xen_build_from_xen_source/xen-4.1.2/stubdom/../extras/mini-os/include/x86/x86_32 -U __linux__ -U __FreeBSD__ -U __sun__ -nostdinc -isystem /usr/src/xen_build_from_xen_source/xen-4.1.2/stubdom/../extras/mini-os/include/posix -isystem /usr/src/xen_build_from_xen_source/xen-4.1.2/stubdom/cross-root-i686/i686-xen-elf/include -isystem /usr/lib/gcc/x86_64-linux-gnu/4.6/include -isystem /usr/src/xen_build_from_xen_source/xen-4.1.2/stubdom/lwip-x86_32/src/include -isystem /usr/src/xen_build_from_xen_source/xen-4.1.2/stubdom/lwip-x86_32/src/include/ipv4 -I/usr/src/xen_build_from_xen_source/xen-4.1.2/stubdom/include -I/usr/src/xen_build_from_xen_source/xen-4.1.2/stubdom/../xen/include  -O1 -fno-omit-frame-pointer -fno-optimize-sibling-calls  -m32 -march=i686 -m32 -march=i686 -g -fno-strict-aliasing -std=gnu99 -Wall -Wstrict-prototypes -Wno-unused-value -Wdeclaration-after-statement -Wno-unused-but-set-variable  -fno-stack-protector -fno-exceptions -D_I386MACH_ALLOW_HW_INTERRUPTS -B/usr/src/xen_build_from_xen_source/xen-4.1.2/stubdom/newlib-x86_32/i686-xen-elf/newlib/ -isystem /usr/src/xen_build_from_xen_source/xen-4.1.2/stubdom/newlib-x86_32/i686-xen-elf/newlib/targ-include -isystem /usr/src/xen_build_from_xen_source/xen-4.1.2/stubdom/newlib-1.16.0/newlib/libc/include -B/usr/src/xen_build_from_xen_source/xen-4.1.2/stubdom/newlib-x86_32/i686-xen-elf/libgloss/i386 -L/usr/src/xen_build_from_xen_source/xen-4.1.2/stubdom/newlib-x86_32/i686-xen-elf/libgloss/libnosys -L/usr/src/xen_build_from_xen_source/xen-4.1.2/stubdom/newlib-1.16.0/libgloss/i386'
CCAS='gcc -isystem /usr/src/xen_build_from_xen_source/xen-4.1.2/stubdom/../extras/mini-os/include -D__MINIOS__ -DHAVE_LIBC -isystem /usr/src/xen_build_from_xen_source/xen-4.1.2/stubdom/../extras/mini-os/include/posix -isystem /usr/src/xen_build_from_xen_source/xen-4.1.2/stubdom/../tools/xenstore  -isystem /usr/src/xen_build_from_xen_source/xen-4.1.2/stubdom/../extras/mini-os/include/x86 -isystem /usr/src/xen_build_from_xen_source/xen-4.1.2/stubdom/../extras/mini-os/include/x86/x86_32 -U __linux__ -U __FreeBSD__ -U __sun__ -nostdinc -isystem /usr/src/xen_build_from_xen_source/xen-4.1.2/stubdom/../extras/mini-os/include/posix -isystem /usr/src/xen_build_from_xen_source/xen-4.1.2/stubdom/cross-root-i686/i686-xen-elf/include -isystem /usr/lib/gcc/x86_64-linux-gnu/4.6/include -isystem /usr/src/xen_build_from_xen_source/xen-4.1.2/stubdom/lwip-x86_32/src/include -isystem /usr/src/xen_build_from_xen_source/xen-4.1.2/stubdom/lwip-x86_32/src/include/ipv4 -I/usr/src/xen_build_from_xen_source/xen-4.1.2/stubdom/include -I/usr/src/xen_build_from_xen_source/xen-4.1.2/stubdom/../xen/include  -O1 -fno-omit-frame-pointer -fno-optimize-sibling-calls  -m32 -march=i686 -m32 -march=i686 -g -fno-strict-aliasing -std=gnu99 -Wall -Wstrict-prototypes -Wno-unused-value -Wdeclaration-after-statement -Wno-unused-but-set-variable  -fno-stack-protector -fno-exceptions -D_I386MACH_ALLOW_HW_INTERRUPTS -B/usr/src/xen_build_from_xen_source/xen-4.1.2/stubdom/newlib-x86_32/i686-xen-elf/newlib/ -isystem /usr/src/xen_build_from_xen_source/xen-4.1.2/stubdom/newlib-x86_32/i686-xen-elf/newlib/targ-include -isystem /usr/src/xen_build_from_xen_source/xen-4.1.2/stubdom/newlib-1.16.0/newlib/libc/include -B/usr/src/xen_build_from_xen_source/xen-4.1.2/stubdom/newlib-x86_32/i686-xen-elf/libgloss/i386 -L/usr/src/xen_build_from_xen_source/xen-4.1.2/stubdom/newlib-x86_32/i686-xen-elf/libgloss/libnosys -L/usr/src/xen_build_from_xen_source/xen-4.1.2/stubdom/newlib-1.16.0/libgloss/i386'
CCASFLAGS=''
CCDEPMODE='depmode=gcc3'
DEFS='-DPACKAGE_NAME=\"\" -DPACKAGE_TARNAME=\"\" -DPACKAGE_VERSION=\"\" -DPACKAGE_STRING=\"\" -DPACKAGE_BUGREPORT=\"\" '
DEPDIR='.deps'
ECHO_C=''
ECHO_N='-n'
ECHO_T=''
INSTALL_DATA='/usr/bin/install -c -m 644'
INSTALL_PROGRAM='/usr/bin/install -c'
INSTALL_SCRIPT='/usr/bin/install -c'
IS_AOUT=''
IS_COFF=''
LD='ld'
LIBOBJS=''
LIBS=''
LTLIBOBJS=''
NEED_UNDERSCORE=''
PACKAGE_BUGREPORT=''
PACKAGE_NAME=''
PACKAGE_STRING=''
PACKAGE_TARNAME=''
PACKAGE_VERSION=''
PATH_SEPARATOR=':'
RANLIB='ranlib'
SHELL='/bin/bash'
ac_ct_RANLIB=''
am__fastdepCC_FALSE='#'
am__fastdepCC_TRUE=''
am__include='include'
am__leading_dot='.'
am__quote=''
bindir='${exec_prefix}/bin'
build='x86_64-unknown-linux-gnu'
build_alias='x86_64-unknown-linux-gnu'
build_cpu='x86_64'
build_os='linux-gnu'
build_vendor='unknown'
datadir='${prefix}/share'
exec_prefix='${prefix}'
host='i686-xen-elf'
host_alias='i686-xen-elf'
host_cpu='i686'
host_makefile_frag_path='../../../../newlib-1.16.0/libgloss/i386/../config/default.mh'
host_os='elf'
host_vendor='xen'
includedir='${prefix}/include'
infodir='${prefix}/info'
libdir='${exec_prefix}/lib'
libexecdir='${exec_prefix}/libexec'
localstatedir='${prefix}/var'
mandir='${prefix}/man'
oldincludedir='/usr/include'
prefix='/usr/src/xen_build_from_xen_source/xen-4.1.2/stubdom/cross-root-i686'
program_transform_name='s,^,i686-xen-elf-,'
sbindir='${exec_prefix}/sbin'
sharedstatedir='${prefix}/com'
sysconfdir='${prefix}/etc'
target='i686-xen-elf'
target_alias='i686-xen-elf'
target_cpu='i686'
target_os='elf'
target_vendor='xen'

## ------------- ##
## Output files. ##
## ------------- ##

host_makefile_frag='../../../../newlib-1.16.0/libgloss/i386/../config/default.mh'

## ----------- ##
## confdefs.h. ##
## ----------- ##

#define PACKAGE_BUGREPORT ""
#define PACKAGE_NAME ""
#define PACKAGE_STRING ""
#define PACKAGE_TARNAME ""
#define PACKAGE_VERSION ""

configure: exit 0
