This file contains any messages produced by compilers while
running configure, to aid debugging if configure makes a mistake.

It was created by configure, which was
generated by GNU Autoconf 2.59.  Invocation command line was

  $ ../../../../newlib-1.16.0/libgloss/libnosys/configure --prefix=/usr/src/xen_build_from_xen_source/xen-4.1.2/stubdom/cross-root-x86_64 --cache-file=./config.cache --with-newlib --with-cross-host=x86_64-unknown-linux-gnu --prefix=/usr/src/xen_build_from_xen_source/xen-4.1.2/stubdom/cross-root-x86_64 --verbose --target=x86_64-xen-elf --enable-newlib-io-long-long --disable-multilib --program-transform-name=s,^,x86_64-xen-elf-, --with-target-subdir=x86_64-xen-elf --build=x86_64-unknown-linux-gnu --host=x86_64-xen-elf --target=x86_64-xen-elf --srcdir=../../../newlib-1.16.0/libgloss build_alias=x86_64-unknown-linux-gnu host_alias=x86_64-xen-elf target_alias=x86_64-xen-elf --cache-file=.././config.cache --srcdir=../../../../newlib-1.16.0/libgloss/libnosys

## --------- ##
## Platform. ##
## --------- ##

hostname = node0301
uname -m = x86_64
uname -r = 3.1.0-1-amd64
uname -s = Linux
uname -v = #1 SMP Tue Jan 10 05:01:58 UTC 2012

/usr/bin/uname -p = unknown
/bin/uname -X     = unknown

/bin/arch              = unknown
/usr/bin/arch -k       = unknown
/usr/convex/getsysinfo = unknown
hostinfo               = unknown
/bin/machine           = unknown
/usr/bin/oslevel       = unknown
/bin/universe          = unknown

PATH: /usr/local/sbin
PATH: /usr/local/bin
PATH: /usr/sbin
PATH: /usr/bin
PATH: /sbin
PATH: /bin
PATH: /opt/dell/srvadmin/sbin


## ----------- ##
## Core tests. ##
## ----------- ##

configure:1161: loading cache .././config.cache
configure:1297: checking build system type
configure:1315: result: x86_64-unknown-linux-gnu
configure:1323: checking host system type
configure:1337: result: x86_64-xen-elf
configure:1345: checking target system type
configure:1359: result: x86_64-xen-elf
configure:1400: checking for a BSD-compatible install
configure:1455: result: /usr/bin/install -c
configure:1537: checking for .previous assembler directive
configure:1548: gcc -isystem /usr/src/xen_build_from_xen_source/xen-4.1.2/stubdom/../extras/mini-os/include -D__MINIOS__ -DHAVE_LIBC -isystem /usr/src/xen_build_from_xen_source/xen-4.1.2/stubdom/../extras/mini-os/include/posix -isystem /usr/src/xen_build_from_xen_source/xen-4.1.2/stubdom/../tools/xenstore  -isystem /usr/src/xen_build_from_xen_source/xen-4.1.2/stubdom/../extras/mini-os/include/x86 -isystem /usr/src/xen_build_from_xen_source/xen-4.1.2/stubdom/../extras/mini-os/include/x86/x86_64 -U __linux__ -U __FreeBSD__ -U __sun__ -nostdinc -isystem /usr/src/xen_build_from_xen_source/xen-4.1.2/stubdom/../extras/mini-os/include/posix -isystem /usr/src/xen_build_from_xen_source/xen-4.1.2/stubdom/cross-root-x86_64/x86_64-xen-elf/include -isystem /usr/lib/gcc/x86_64-linux-gnu/4.6/include -isystem /usr/src/xen_build_from_xen_source/xen-4.1.2/stubdom/lwip-x86_64/src/include -isystem /usr/src/xen_build_from_xen_source/xen-4.1.2/stubdom/lwip-x86_64/src/include/ipv4 -I/usr/src/xen_build_from_xen_source/xen-4.1.2/stubdom/include -I/usr/src/xen_build_from_xen_source/xen-4.1.2/stubdom/../xen/include -mno-red-zone -O1 -fno-omit-frame-pointer -fno-optimize-sibling-calls  -m64 -mno-red-zone -fno-reorder-blocks -fno-asynchronous-unwind-tables -m64 -g -fno-strict-aliasing -std=gnu99 -Wall -Wstrict-prototypes -Wno-unused-value -Wdeclaration-after-statement -Wno-unused-but-set-variable  -fno-stack-protector -fno-exceptions -D_I386MACH_ALLOW_HW_INTERRUPTS -B/usr/src/xen_build_from_xen_source/xen-4.1.2/stubdom/newlib-x86_64/x86_64-xen-elf/newlib/ -isystem /usr/src/xen_build_from_xen_source/xen-4.1.2/stubdom/newlib-x86_64/x86_64-xen-elf/newlib/targ-include -isystem /usr/src/xen_build_from_xen_source/xen-4.1.2/stubdom/newlib-1.16.0/newlib/libc/include -B/usr/src/xen_build_from_xen_source/xen-4.1.2/stubdom/newlib-x86_64/x86_64-xen-elf/libgloss/x86_64 -L/usr/src/xen_build_from_xen_source/xen-4.1.2/stubdom/newlib-x86_64/x86_64-xen-elf/libgloss/libnosys -L/usr/src/xen_build_from_xen_source/xen-4.1.2/stubdom/newlib-1.16.0/libgloss/x86_64 -c  conftest.s 1>&5
configure:1551: $? = 0
configure:1557: result: yes
configure:1567: checking for .popsection assembler directive
configure:1578: gcc -isystem /usr/src/xen_build_from_xen_source/xen-4.1.2/stubdom/../extras/mini-os/include -D__MINIOS__ -DHAVE_LIBC -isystem /usr/src/xen_build_from_xen_source/xen-4.1.2/stubdom/../extras/mini-os/include/posix -isystem /usr/src/xen_build_from_xen_source/xen-4.1.2/stubdom/../tools/xenstore  -isystem /usr/src/xen_build_from_xen_source/xen-4.1.2/stubdom/../extras/mini-os/include/x86 -isystem /usr/src/xen_build_from_xen_source/xen-4.1.2/stubdom/../extras/mini-os/include/x86/x86_64 -U __linux__ -U __FreeBSD__ -U __sun__ -nostdinc -isystem /usr/src/xen_build_from_xen_source/xen-4.1.2/stubdom/../extras/mini-os/include/posix -isystem /usr/src/xen_build_from_xen_source/xen-4.1.2/stubdom/cross-root-x86_64/x86_64-xen-elf/include -isystem /usr/lib/gcc/x86_64-linux-gnu/4.6/include -isystem /usr/src/xen_build_from_xen_source/xen-4.1.2/stubdom/lwip-x86_64/src/include -isystem /usr/src/xen_build_from_xen_source/xen-4.1.2/stubdom/lwip-x86_64/src/include/ipv4 -I/usr/src/xen_build_from_xen_source/xen-4.1.2/stubdom/include -I/usr/src/xen_build_from_xen_source/xen-4.1.2/stubdom/../xen/include -mno-red-zone -O1 -fno-omit-frame-pointer -fno-optimize-sibling-calls  -m64 -mno-red-zone -fno-reorder-blocks -fno-asynchronous-unwind-tables -m64 -g -fno-strict-aliasing -std=gnu99 -Wall -Wstrict-prototypes -Wno-unused-value -Wdeclaration-after-statement -Wno-unused-but-set-variable  -fno-stack-protector -fno-exceptions -D_I386MACH_ALLOW_HW_INTERRUPTS -B/usr/src/xen_build_from_xen_source/xen-4.1.2/stubdom/newlib-x86_64/x86_64-xen-elf/newlib/ -isystem /usr/src/xen_build_from_xen_source/xen-4.1.2/stubdom/newlib-x86_64/x86_64-xen-elf/newlib/targ-include -isystem /usr/src/xen_build_from_xen_source/xen-4.1.2/stubdom/newlib-1.16.0/newlib/libc/include -B/usr/src/xen_build_from_xen_source/xen-4.1.2/stubdom/newlib-x86_64/x86_64-xen-elf/libgloss/x86_64 -L/usr/src/xen_build_from_xen_source/xen-4.1.2/stubdom/newlib-x86_64/x86_64-xen-elf/libgloss/libnosys -L/usr/src/xen_build_from_xen_source/xen-4.1.2/stubdom/newlib-1.16.0/libgloss/x86_64 -c  conftest.s 1>&5
configure:1581: $? = 0
configure:1587: result: yes
configure:1597: checking for section attributes
configure:1608: gcc -isystem /usr/src/xen_build_from_xen_source/xen-4.1.2/stubdom/../extras/mini-os/include -D__MINIOS__ -DHAVE_LIBC -isystem /usr/src/xen_build_from_xen_source/xen-4.1.2/stubdom/../extras/mini-os/include/posix -isystem /usr/src/xen_build_from_xen_source/xen-4.1.2/stubdom/../tools/xenstore  -isystem /usr/src/xen_build_from_xen_source/xen-4.1.2/stubdom/../extras/mini-os/include/x86 -isystem /usr/src/xen_build_from_xen_source/xen-4.1.2/stubdom/../extras/mini-os/include/x86/x86_64 -U __linux__ -U __FreeBSD__ -U __sun__ -nostdinc -isystem /usr/src/xen_build_from_xen_source/xen-4.1.2/stubdom/../extras/mini-os/include/posix -isystem /usr/src/xen_build_from_xen_source/xen-4.1.2/stubdom/cross-root-x86_64/x86_64-xen-elf/include -isystem /usr/lib/gcc/x86_64-linux-gnu/4.6/include -isystem /usr/src/xen_build_from_xen_source/xen-4.1.2/stubdom/lwip-x86_64/src/include -isystem /usr/src/xen_build_from_xen_source/xen-4.1.2/stubdom/lwip-x86_64/src/include/ipv4 -I/usr/src/xen_build_from_xen_source/xen-4.1.2/stubdom/include -I/usr/src/xen_build_from_xen_source/xen-4.1.2/stubdom/../xen/include -mno-red-zone -O1 -fno-omit-frame-pointer -fno-optimize-sibling-calls  -m64 -mno-red-zone -fno-reorder-blocks -fno-asynchronous-unwind-tables -m64 -g -fno-strict-aliasing -std=gnu99 -Wall -Wstrict-prototypes -Wno-unused-value -Wdeclaration-after-statement -Wno-unused-but-set-variable  -fno-stack-protector -fno-exceptions -D_I386MACH_ALLOW_HW_INTERRUPTS -B/usr/src/xen_build_from_xen_source/xen-4.1.2/stubdom/newlib-x86_64/x86_64-xen-elf/newlib/ -isystem /usr/src/xen_build_from_xen_source/xen-4.1.2/stubdom/newlib-x86_64/x86_64-xen-elf/newlib/targ-include -isystem /usr/src/xen_build_from_xen_source/xen-4.1.2/stubdom/newlib-1.16.0/newlib/libc/include -B/usr/src/xen_build_from_xen_source/xen-4.1.2/stubdom/newlib-x86_64/x86_64-xen-elf/libgloss/x86_64 -L/usr/src/xen_build_from_xen_source/xen-4.1.2/stubdom/newlib-x86_64/x86_64-xen-elf/libgloss/libnosys -L/usr/src/xen_build_from_xen_source/xen-4.1.2/stubdom/newlib-1.16.0/libgloss/x86_64 -c  conftest.c 1>&5
conftest.c:2:5: warning: function declaration isn't a prototype [-Wstrict-prototypes]
configure:1611: $? = 0
configure:1617: result: yes
configure:1628: checking for symbol prefix
configure:1638: gcc -isystem /usr/src/xen_build_from_xen_source/xen-4.1.2/stubdom/../extras/mini-os/include -D__MINIOS__ -DHAVE_LIBC -isystem /usr/src/xen_build_from_xen_source/xen-4.1.2/stubdom/../extras/mini-os/include/posix -isystem /usr/src/xen_build_from_xen_source/xen-4.1.2/stubdom/../tools/xenstore  -isystem /usr/src/xen_build_from_xen_source/xen-4.1.2/stubdom/../extras/mini-os/include/x86 -isystem /usr/src/xen_build_from_xen_source/xen-4.1.2/stubdom/../extras/mini-os/include/x86/x86_64 -U __linux__ -U __FreeBSD__ -U __sun__ -nostdinc -isystem /usr/src/xen_build_from_xen_source/xen-4.1.2/stubdom/../extras/mini-os/include/posix -isystem /usr/src/xen_build_from_xen_source/xen-4.1.2/stubdom/cross-root-x86_64/x86_64-xen-elf/include -isystem /usr/lib/gcc/x86_64-linux-gnu/4.6/include -isystem /usr/src/xen_build_from_xen_source/xen-4.1.2/stubdom/lwip-x86_64/src/include -isystem /usr/src/xen_build_from_xen_source/xen-4.1.2/stubdom/lwip-x86_64/src/include/ipv4 -I/usr/src/xen_build_from_xen_source/xen-4.1.2/stubdom/include -I/usr/src/xen_build_from_xen_source/xen-4.1.2/stubdom/../xen/include -mno-red-zone -O1 -fno-omit-frame-pointer -fno-optimize-sibling-calls  -m64 -mno-red-zone -fno-reorder-blocks -fno-asynchronous-unwind-tables -m64 -g -fno-strict-aliasing -std=gnu99 -Wall -Wstrict-prototypes -Wno-unused-value -Wdeclaration-after-statement -Wno-unused-but-set-variable  -fno-stack-protector -fno-exceptions -D_I386MACH_ALLOW_HW_INTERRUPTS -B/usr/src/xen_build_from_xen_source/xen-4.1.2/stubdom/newlib-x86_64/x86_64-xen-elf/newlib/ -isystem /usr/src/xen_build_from_xen_source/xen-4.1.2/stubdom/newlib-x86_64/x86_64-xen-elf/newlib/targ-include -isystem /usr/src/xen_build_from_xen_source/xen-4.1.2/stubdom/newlib-1.16.0/newlib/libc/include -B/usr/src/xen_build_from_xen_source/xen-4.1.2/stubdom/newlib-x86_64/x86_64-xen-elf/libgloss/x86_64 -L/usr/src/xen_build_from_xen_source/xen-4.1.2/stubdom/newlib-x86_64/x86_64-xen-elf/libgloss/libnosys -L/usr/src/xen_build_from_xen_source/xen-4.1.2/stubdom/newlib-1.16.0/libgloss/x86_64 -S conftest.c -o - | fgrep $foo > /dev/null
conftest.c:1:1: warning: return type defaults to 'int' [enabled by default]
conftest.c:1:1: warning: function declaration isn't a prototype [-Wstrict-prototypes]
conftest.c: In function 'foo':
conftest.c:1:1: warning: control reaches end of non-void function [-Wreturn-type]
configure:1641: $? = 1
configure:1647: gcc -isystem /usr/src/xen_build_from_xen_source/xen-4.1.2/stubdom/../extras/mini-os/include -D__MINIOS__ -DHAVE_LIBC -isystem /usr/src/xen_build_from_xen_source/xen-4.1.2/stubdom/../extras/mini-os/include/posix -isystem /usr/src/xen_build_from_xen_source/xen-4.1.2/stubdom/../tools/xenstore  -isystem /usr/src/xen_build_from_xen_source/xen-4.1.2/stubdom/../extras/mini-os/include/x86 -isystem /usr/src/xen_build_from_xen_source/xen-4.1.2/stubdom/../extras/mini-os/include/x86/x86_64 -U __linux__ -U __FreeBSD__ -U __sun__ -nostdinc -isystem /usr/src/xen_build_from_xen_source/xen-4.1.2/stubdom/../extras/mini-os/include/posix -isystem /usr/src/xen_build_from_xen_source/xen-4.1.2/stubdom/cross-root-x86_64/x86_64-xen-elf/include -isystem /usr/lib/gcc/x86_64-linux-gnu/4.6/include -isystem /usr/src/xen_build_from_xen_source/xen-4.1.2/stubdom/lwip-x86_64/src/include -isystem /usr/src/xen_build_from_xen_source/xen-4.1.2/stubdom/lwip-x86_64/src/include/ipv4 -I/usr/src/xen_build_from_xen_source/xen-4.1.2/stubdom/include -I/usr/src/xen_build_from_xen_source/xen-4.1.2/stubdom/../xen/include -mno-red-zone -O1 -fno-omit-frame-pointer -fno-optimize-sibling-calls  -m64 -mno-red-zone -fno-reorder-blocks -fno-asynchronous-unwind-tables -m64 -g -fno-strict-aliasing -std=gnu99 -Wall -Wstrict-prototypes -Wno-unused-value -Wdeclaration-after-statement -Wno-unused-but-set-variable  -fno-stack-protector -fno-exceptions -D_I386MACH_ALLOW_HW_INTERRUPTS -B/usr/src/xen_build_from_xen_source/xen-4.1.2/stubdom/newlib-x86_64/x86_64-xen-elf/newlib/ -isystem /usr/src/xen_build_from_xen_source/xen-4.1.2/stubdom/newlib-x86_64/x86_64-xen-elf/newlib/targ-include -isystem /usr/src/xen_build_from_xen_source/xen-4.1.2/stubdom/newlib-1.16.0/newlib/libc/include -B/usr/src/xen_build_from_xen_source/xen-4.1.2/stubdom/newlib-x86_64/x86_64-xen-elf/libgloss/x86_64 -L/usr/src/xen_build_from_xen_source/xen-4.1.2/stubdom/newlib-x86_64/x86_64-xen-elf/libgloss/libnosys -L/usr/src/xen_build_from_xen_source/xen-4.1.2/stubdom/newlib-1.16.0/libgloss/x86_64 -S conftest.c -o - | fgrep _foo > /dev/null
conftest.c:1:1: warning: return type defaults to 'int' [enabled by default]
conftest.c:1:1: warning: function declaration isn't a prototype [-Wstrict-prototypes]
conftest.c: In function 'foo':
conftest.c:1:1: warning: control reaches end of non-void function [-Wreturn-type]
configure:1650: $? = 1
configure:1658: result: none
configure:1693: checking for style of include used by make
configure:1721: result: GNU
configure:1748: checking for gcc
configure:1774: result: gcc -isystem /usr/src/xen_build_from_xen_source/xen-4.1.2/stubdom/../extras/mini-os/include -D__MINIOS__ -DHAVE_LIBC -isystem /usr/src/xen_build_from_xen_source/xen-4.1.2/stubdom/../extras/mini-os/include/posix -isystem /usr/src/xen_build_from_xen_source/xen-4.1.2/stubdom/../tools/xenstore  -isystem /usr/src/xen_build_from_xen_source/xen-4.1.2/stubdom/../extras/mini-os/include/x86 -isystem /usr/src/xen_build_from_xen_source/xen-4.1.2/stubdom/../extras/mini-os/include/x86/x86_64 -U __linux__ -U __FreeBSD__ -U __sun__ -nostdinc -isystem /usr/src/xen_build_from_xen_source/xen-4.1.2/stubdom/../extras/mini-os/include/posix -isystem /usr/src/xen_build_from_xen_source/xen-4.1.2/stubdom/cross-root-x86_64/x86_64-xen-elf/include -isystem /usr/lib/gcc/x86_64-linux-gnu/4.6/include -isystem /usr/src/xen_build_from_xen_source/xen-4.1.2/stubdom/lwip-x86_64/src/include -isystem /usr/src/xen_build_from_xen_source/xen-4.1.2/stubdom/lwip-x86_64/src/include/ipv4 -I/usr/src/xen_build_from_xen_source/xen-4.1.2/stubdom/include -I/usr/src/xen_build_from_xen_source/xen-4.1.2/stubdom/../xen/include -mno-red-zone -O1 -fno-omit-frame-pointer -fno-optimize-sibling-calls  -m64 -mno-red-zone -fno-reorder-blocks -fno-asynchronous-unwind-tables -m64 -g -fno-strict-aliasing -std=gnu99 -Wall -Wstrict-prototypes -Wno-unused-value -Wdeclaration-after-statement -Wno-unused-but-set-variable  -fno-stack-protector -fno-exceptions -D_I386MACH_ALLOW_HW_INTERRUPTS -B/usr/src/xen_build_from_xen_source/xen-4.1.2/stubdom/newlib-x86_64/x86_64-xen-elf/newlib/ -isystem /usr/src/xen_build_from_xen_source/xen-4.1.2/stubdom/newlib-x86_64/x86_64-xen-elf/newlib/targ-include -isystem /usr/src/xen_build_from_xen_source/xen-4.1.2/stubdom/newlib-1.16.0/newlib/libc/include -B/usr/src/xen_build_from_xen_source/xen-4.1.2/stubdom/newlib-x86_64/x86_64-xen-elf/libgloss/x86_64 -L/usr/src/xen_build_from_xen_source/xen-4.1.2/stubdom/newlib-x86_64/x86_64-xen-elf/libgloss/libnosys -L/usr/src/xen_build_from_xen_source/xen-4.1.2/stubdom/newlib-1.16.0/libgloss/x86_64
configure:1784: checking dependency style of gcc -isystem /usr/src/xen_build_from_xen_source/xen-4.1.2/stubdom/../extras/mini-os/include -D__MINIOS__ -DHAVE_LIBC -isystem /usr/src/xen_build_from_xen_source/xen-4.1.2/stubdom/../extras/mini-os/include/posix -isystem /usr/src/xen_build_from_xen_source/xen-4.1.2/stubdom/../tools/xenstore  -isystem /usr/src/xen_build_from_xen_source/xen-4.1.2/stubdom/../extras/mini-os/include/x86 -isystem /usr/src/xen_build_from_xen_source/xen-4.1.2/stubdom/../extras/mini-os/include/x86/x86_64 -U __linux__ -U __FreeBSD__ -U __sun__ -nostdinc -isystem /usr/src/xen_build_from_xen_source/xen-4.1.2/stubdom/../extras/mini-os/include/posix -isystem /usr/src/xen_build_from_xen_source/xen-4.1.2/stubdom/cross-root-x86_64/x86_64-xen-elf/include -isystem /usr/lib/gcc/x86_64-linux-gnu/4.6/include -isystem /usr/src/xen_build_from_xen_source/xen-4.1.2/stubdom/lwip-x86_64/src/include -isystem /usr/src/xen_build_from_xen_source/xen-4.1.2/stubdom/lwip-x86_64/src/include/ipv4 -I/usr/src/xen_build_from_xen_source/xen-4.1.2/stubdom/include -I/usr/src/xen_build_from_xen_source/xen-4.1.2/stubdom/../xen/include -mno-red-zone -O1 -fno-omit-frame-pointer -fno-optimize-sibling-calls  -m64 -mno-red-zone -fno-reorder-blocks -fno-asynchronous-unwind-tables -m64 -g -fno-strict-aliasing -std=gnu99 -Wall -Wstrict-prototypes -Wno-unused-value -Wdeclaration-after-statement -Wno-unused-but-set-variable  -fno-stack-protector -fno-exceptions -D_I386MACH_ALLOW_HW_INTERRUPTS -B/usr/src/xen_build_from_xen_source/xen-4.1.2/stubdom/newlib-x86_64/x86_64-xen-elf/newlib/ -isystem /usr/src/xen_build_from_xen_source/xen-4.1.2/stubdom/newlib-x86_64/x86_64-xen-elf/newlib/targ-include -isystem /usr/src/xen_build_from_xen_source/xen-4.1.2/stubdom/newlib-1.16.0/newlib/libc/include -B/usr/src/xen_build_from_xen_source/xen-4.1.2/stubdom/newlib-x86_64/x86_64-xen-elf/libgloss/x86_64 -L/usr/src/xen_build_from_xen_source/xen-4.1.2/stubdom/newlib-x86_64/x86_64-xen-elf/libgloss/libnosys -L/usr/src/xen_build_from_xen_source/xen-4.1.2/stubdom/newlib-1.16.0/libgloss/x86_64
configure:1874: result: gcc3
configure:1949: checking whether we are using GNU C
configure:1970: result: yes
configure:1981: checking whether gcc -isystem /usr/src/xen_build_from_xen_source/xen-4.1.2/stubdom/../extras/mini-os/include -D__MINIOS__ -DHAVE_LIBC -isystem /usr/src/xen_build_from_xen_source/xen-4.1.2/stubdom/../extras/mini-os/include/posix -isystem /usr/src/xen_build_from_xen_source/xen-4.1.2/stubdom/../tools/xenstore  -isystem /usr/src/xen_build_from_xen_source/xen-4.1.2/stubdom/../extras/mini-os/include/x86 -isystem /usr/src/xen_build_from_xen_source/xen-4.1.2/stubdom/../extras/mini-os/include/x86/x86_64 -U __linux__ -U __FreeBSD__ -U __sun__ -nostdinc -isystem /usr/src/xen_build_from_xen_source/xen-4.1.2/stubdom/../extras/mini-os/include/posix -isystem /usr/src/xen_build_from_xen_source/xen-4.1.2/stubdom/cross-root-x86_64/x86_64-xen-elf/include -isystem /usr/lib/gcc/x86_64-linux-gnu/4.6/include -isystem /usr/src/xen_build_from_xen_source/xen-4.1.2/stubdom/lwip-x86_64/src/include -isystem /usr/src/xen_build_from_xen_source/xen-4.1.2/stubdom/lwip-x86_64/src/include/ipv4 -I/usr/src/xen_build_from_xen_source/xen-4.1.2/stubdom/include -I/usr/src/xen_build_from_xen_source/xen-4.1.2/stubdom/../xen/include -mno-red-zone -O1 -fno-omit-frame-pointer -fno-optimize-sibling-calls  -m64 -mno-red-zone -fno-reorder-blocks -fno-asynchronous-unwind-tables -m64 -g -fno-strict-aliasing -std=gnu99 -Wall -Wstrict-prototypes -Wno-unused-value -Wdeclaration-after-statement -Wno-unused-but-set-variable  -fno-stack-protector -fno-exceptions -D_I386MACH_ALLOW_HW_INTERRUPTS -B/usr/src/xen_build_from_xen_source/xen-4.1.2/stubdom/newlib-x86_64/x86_64-xen-elf/newlib/ -isystem /usr/src/xen_build_from_xen_source/xen-4.1.2/stubdom/newlib-x86_64/x86_64-xen-elf/newlib/targ-include -isystem /usr/src/xen_build_from_xen_source/xen-4.1.2/stubdom/newlib-1.16.0/newlib/libc/include -B/usr/src/xen_build_from_xen_source/xen-4.1.2/stubdom/newlib-x86_64/x86_64-xen-elf/libgloss/x86_64 -L/usr/src/xen_build_from_xen_source/xen-4.1.2/stubdom/newlib-x86_64/x86_64-xen-elf/libgloss/libnosys -L/usr/src/xen_build_from_xen_source/xen-4.1.2/stubdom/newlib-1.16.0/libgloss/x86_64 accepts -g
configure:2032: result: no
configure:2070: checking for x86_64-xen-elf-ranlib
configure:2096: result: ranlib
configure:2272: creating ./config.status

## ---------------------- ##
## Running config.status. ##
## ---------------------- ##

This file was extended by config.status, which was
generated by GNU Autoconf 2.59.  Invocation command line was

  CONFIG_FILES    = 
  CONFIG_HEADERS  = 
  CONFIG_LINKS    = 
  CONFIG_COMMANDS = 
  $ ./config.status 

on node0301

config.status:692: creating Makefile
config.status:793: creating config.h
config.status:1047: executing depfiles commands

## ---------------- ##
## Cache variables. ##
## ---------------- ##

ac_cv_build=x86_64-unknown-linux-gnu
ac_cv_build_alias=x86_64-unknown-linux-gnu
ac_cv_c_compiler_gnu=yes
ac_cv_env_CCASFLAGS_set=
ac_cv_env_CCASFLAGS_value=
ac_cv_env_CCAS_set=
ac_cv_env_CCAS_value=
ac_cv_env_build_alias_set=set
ac_cv_env_build_alias_value=x86_64-unknown-linux-gnu
ac_cv_env_host_alias_set=set
ac_cv_env_host_alias_value=x86_64-xen-elf
ac_cv_env_target_alias_set=set
ac_cv_env_target_alias_value=x86_64-xen-elf
ac_cv_host=x86_64-xen-elf
ac_cv_host_alias=x86_64-xen-elf
ac_cv_prog_AR=ar
ac_cv_prog_AWK=gawk
ac_cv_prog_CC='gcc -isystem /usr/src/xen_build_from_xen_source/xen-4.1.2/stubdom/../extras/mini-os/include -D__MINIOS__ -DHAVE_LIBC -isystem /usr/src/xen_build_from_xen_source/xen-4.1.2/stubdom/../extras/mini-os/include/posix -isystem /usr/src/xen_build_from_xen_source/xen-4.1.2/stubdom/../tools/xenstore  -isystem /usr/src/xen_build_from_xen_source/xen-4.1.2/stubdom/../extras/mini-os/include/x86 -isystem /usr/src/xen_build_from_xen_source/xen-4.1.2/stubdom/../extras/mini-os/include/x86/x86_64 -U __linux__ -U __FreeBSD__ -U __sun__ -nostdinc -isystem /usr/src/xen_build_from_xen_source/xen-4.1.2/stubdom/../extras/mini-os/include/posix -isystem /usr/src/xen_build_from_xen_source/xen-4.1.2/stubdom/cross-root-x86_64/x86_64-xen-elf/include -isystem /usr/lib/gcc/x86_64-linux-gnu/4.6/include -isystem /usr/src/xen_build_from_xen_source/xen-4.1.2/stubdom/lwip-x86_64/src/include -isystem /usr/src/xen_build_from_xen_source/xen-4.1.2/stubdom/lwip-x86_64/src/include/ipv4 -I/usr/src/xen_build_from_xen_source/xen-4.1.2/stubdom/include -I/usr/src/xen_build_from_xen_source/xen-4.1.2/stubdom/../xen/include -mno-red-zone -O1 -fno-omit-frame-pointer -fno-optimize-sibling-calls  -m64 -mno-red-zone -fno-reorder-blocks -fno-asynchronous-unwind-tables -m64 -g -fno-strict-aliasing -std=gnu99 -Wall -Wstrict-prototypes -Wno-unused-value -Wdeclaration-after-statement -Wno-unused-but-set-variable  -fno-stack-protector -fno-exceptions -D_I386MACH_ALLOW_HW_INTERRUPTS -B/usr/src/xen_build_from_xen_source/xen-4.1.2/stubdom/newlib-x86_64/x86_64-xen-elf/newlib/ -isystem /usr/src/xen_build_from_xen_source/xen-4.1.2/stubdom/newlib-x86_64/x86_64-xen-elf/newlib/targ-include -isystem /usr/src/xen_build_from_xen_source/xen-4.1.2/stubdom/newlib-1.16.0/newlib/libc/include -B/usr/src/xen_build_from_xen_source/xen-4.1.2/stubdom/newlib-x86_64/x86_64-xen-elf/libgloss/x86_64 -L/usr/src/xen_build_from_xen_source/xen-4.1.2/stubdom/newlib-x86_64/x86_64-xen-elf/libgloss/libnosys -L/usr/src/xen_build_from_xen_source/xen-4.1.2/stubdom/newlib-1.16.0/libgloss/x86_64'
ac_cv_prog_RANLIB=ranlib
ac_cv_prog_STRIP=x86_64-xen-elf-strip
ac_cv_prog_cc_g=no
ac_cv_prog_make_make_set=yes
ac_cv_target=x86_64-xen-elf
ac_cv_target_alias=x86_64-xen-elf
am_cv_CC_dependencies_compiler_type=gcc3
libc_cv_asm_popsection_directive=yes
libc_cv_asm_previous_directive=yes
libc_cv_section_attributes=yes

## ----------------- ##
## Output variables. ##
## ----------------- ##

AMDEPBACKSLASH='\'
AMDEP_FALSE='#'
AMDEP_TRUE=''
AR='ar'
AS='x86_64-xen-elf-as'
CC='gcc -isystem /usr/src/xen_build_from_xen_source/xen-4.1.2/stubdom/../extras/mini-os/include -D__MINIOS__ -DHAVE_LIBC -isystem /usr/src/xen_build_from_xen_source/xen-4.1.2/stubdom/../extras/mini-os/include/posix -isystem /usr/src/xen_build_from_xen_source/xen-4.1.2/stubdom/../tools/xenstore  -isystem /usr/src/xen_build_from_xen_source/xen-4.1.2/stubdom/../extras/mini-os/include/x86 -isystem /usr/src/xen_build_from_xen_source/xen-4.1.2/stubdom/../extras/mini-os/include/x86/x86_64 -U __linux__ -U __FreeBSD__ -U __sun__ -nostdinc -isystem /usr/src/xen_build_from_xen_source/xen-4.1.2/stubdom/../extras/mini-os/include/posix -isystem /usr/src/xen_build_from_xen_source/xen-4.1.2/stubdom/cross-root-x86_64/x86_64-xen-elf/include -isystem /usr/lib/gcc/x86_64-linux-gnu/4.6/include -isystem /usr/src/xen_build_from_xen_source/xen-4.1.2/stubdom/lwip-x86_64/src/include -isystem /usr/src/xen_build_from_xen_source/xen-4.1.2/stubdom/lwip-x86_64/src/include/ipv4 -I/usr/src/xen_build_from_xen_source/xen-4.1.2/stubdom/include -I/usr/src/xen_build_from_xen_source/xen-4.1.2/stubdom/../xen/include -mno-red-zone -O1 -fno-omit-frame-pointer -fno-optimize-sibling-calls  -m64 -mno-red-zone -fno-reorder-blocks -fno-asynchronous-unwind-tables -m64 -g -fno-strict-aliasing -std=gnu99 -Wall -Wstrict-prototypes -Wno-unused-value -Wdeclaration-after-statement -Wno-unused-but-set-variable  -fno-stack-protector -fno-exceptions -D_I386MACH_ALLOW_HW_INTERRUPTS -B/usr/src/xen_build_from_xen_source/xen-4.1.2/stubdom/newlib-x86_64/x86_64-xen-elf/newlib/ -isystem /usr/src/xen_build_from_xen_source/xen-4.1.2/stubdom/newlib-x86_64/x86_64-xen-elf/newlib/targ-include -isystem /usr/src/xen_build_from_xen_source/xen-4.1.2/stubdom/newlib-1.16.0/newlib/libc/include -B/usr/src/xen_build_from_xen_source/xen-4.1.2/stubdom/newlib-x86_64/x86_64-xen-elf/libgloss/x86_64 -L/usr/src/xen_build_from_xen_source/xen-4.1.2/stubdom/newlib-x86_64/x86_64-xen-elf/libgloss/libnosys -L/usr/src/xen_build_from_xen_source/xen-4.1.2/stubdom/newlib-1.16.0/libgloss/x86_64'
CCAS='gcc -isystem /usr/src/xen_build_from_xen_source/xen-4.1.2/stubdom/../extras/mini-os/include -D__MINIOS__ -DHAVE_LIBC -isystem /usr/src/xen_build_from_xen_source/xen-4.1.2/stubdom/../extras/mini-os/include/posix -isystem /usr/src/xen_build_from_xen_source/xen-4.1.2/stubdom/../tools/xenstore  -isystem /usr/src/xen_build_from_xen_source/xen-4.1.2/stubdom/../extras/mini-os/include/x86 -isystem /usr/src/xen_build_from_xen_source/xen-4.1.2/stubdom/../extras/mini-os/include/x86/x86_64 -U __linux__ -U __FreeBSD__ -U __sun__ -nostdinc -isystem /usr/src/xen_build_from_xen_source/xen-4.1.2/stubdom/../extras/mini-os/include/posix -isystem /usr/src/xen_build_from_xen_source/xen-4.1.2/stubdom/cross-root-x86_64/x86_64-xen-elf/include -isystem /usr/lib/gcc/x86_64-linux-gnu/4.6/include -isystem /usr/src/xen_build_from_xen_source/xen-4.1.2/stubdom/lwip-x86_64/src/include -isystem /usr/src/xen_build_from_xen_source/xen-4.1.2/stubdom/lwip-x86_64/src/include/ipv4 -I/usr/src/xen_build_from_xen_source/xen-4.1.2/stubdom/include -I/usr/src/xen_build_from_xen_source/xen-4.1.2/stubdom/../xen/include -mno-red-zone -O1 -fno-omit-frame-pointer -fno-optimize-sibling-calls  -m64 -mno-red-zone -fno-reorder-blocks -fno-asynchronous-unwind-tables -m64 -g -fno-strict-aliasing -std=gnu99 -Wall -Wstrict-prototypes -Wno-unused-value -Wdeclaration-after-statement -Wno-unused-but-set-variable  -fno-stack-protector -fno-exceptions -D_I386MACH_ALLOW_HW_INTERRUPTS -B/usr/src/xen_build_from_xen_source/xen-4.1.2/stubdom/newlib-x86_64/x86_64-xen-elf/newlib/ -isystem /usr/src/xen_build_from_xen_source/xen-4.1.2/stubdom/newlib-x86_64/x86_64-xen-elf/newlib/targ-include -isystem /usr/src/xen_build_from_xen_source/xen-4.1.2/stubdom/newlib-1.16.0/newlib/libc/include -B/usr/src/xen_build_from_xen_source/xen-4.1.2/stubdom/newlib-x86_64/x86_64-xen-elf/libgloss/x86_64 -L/usr/src/xen_build_from_xen_source/xen-4.1.2/stubdom/newlib-x86_64/x86_64-xen-elf/libgloss/libnosys -L/usr/src/xen_build_from_xen_source/xen-4.1.2/stubdom/newlib-1.16.0/libgloss/x86_64'
CCASFLAGS=''
CCDEPMODE='depmode=gcc3'
DEFS='-DHAVE_CONFIG_H'
DEPDIR='.deps'
ECHO_C=''
ECHO_N='-n'
ECHO_T=''
INSTALL_DATA='/usr/bin/install -c -m 644'
INSTALL_PROGRAM='/usr/bin/install -c'
INSTALL_SCRIPT='/usr/bin/install -c'
LD='ld'
LIBOBJS=''
LIBS=''
LTLIBOBJS=''
PACKAGE_BUGREPORT=''
PACKAGE_NAME=''
PACKAGE_STRING=''
PACKAGE_TARNAME=''
PACKAGE_VERSION=''
PATH_SEPARATOR=':'
RANLIB='ranlib'
SHELL='/bin/bash'
ac_ct_RANLIB=''
am__fastdepCC_FALSE='#'
am__fastdepCC_TRUE=''
am__include='include'
am__leading_dot='.'
am__quote=''
bindir='${exec_prefix}/bin'
build='x86_64-unknown-linux-gnu'
build_alias='x86_64-unknown-linux-gnu'
build_cpu='x86_64'
build_os='linux-gnu'
build_vendor='unknown'
datadir='${prefix}/share'
exec_prefix='${prefix}'
host='x86_64-xen-elf'
host_alias='x86_64-xen-elf'
host_cpu='x86_64'
host_makefile_frag_path='../../../../newlib-1.16.0/libgloss/libnosys/../config/default.mh'
host_os='elf'
host_vendor='xen'
includedir='${prefix}/include'
infodir='${prefix}/info'
libdir='${exec_prefix}/lib'
libexecdir='${exec_prefix}/libexec'
localstatedir='${prefix}/var'
mandir='${prefix}/man'
oldincludedir='/usr/include'
prefix='/usr/src/xen_build_from_xen_source/xen-4.1.2/stubdom/cross-root-x86_64'
program_transform_name='s,^,x86_64-xen-elf-,'
sbindir='${exec_prefix}/sbin'
sharedstatedir='${prefix}/com'
sysconfdir='${prefix}/etc'
target='x86_64-xen-elf'
target_alias='x86_64-xen-elf'
target_cpu='x86_64'
target_os='elf'
target_vendor='xen'

## ------------- ##
## Output files. ##
## ------------- ##

host_makefile_frag='../../../../newlib-1.16.0/libgloss/libnosys/../config/default.mh'

## ----------- ##
## confdefs.h. ##
## ----------- ##

#define HAVE_ASM_POPSECTION_DIRECTIVE 1
#define HAVE_ASM_PREVIOUS_DIRECTIVE 1
#define HAVE_ELF 1
#define HAVE_GNU_LD 1
#define HAVE_SECTION_ATTRIBUTES 1
#define MISSING_SYSCALL_NAMES 1
#define PACKAGE_BUGREPORT ""
#define PACKAGE_NAME ""
#define PACKAGE_STRING ""
#define PACKAGE_TARNAME ""
#define PACKAGE_VERSION ""
#define __SYMBOL_PREFIX ""

configure: exit 0
