This file contains any messages produced by compilers while
running configure, to aid debugging if configure makes a mistake.

It was created by newlib configure 1.16.0, which was
generated by GNU Autoconf 2.61.  Invocation command line was

  $ /usr/src/xen_build_from_xen_source/xen-4.1.2/stubdom/newlib-1.16.0/newlib/configure --cache-file=./config.cache --with-newlib --with-cross-host=x86_64-unknown-linux-gnu --prefix=/usr/src/xen_build_from_xen_source/xen-4.1.2/stubdom/cross-root-i686 --verbose --target=i686-xen-elf --enable-newlib-io-long-long --disable-multilib --program-transform-name=s,^,i686-xen-elf-, --with-target-subdir=i686-xen-elf --build=x86_64-unknown-linux-gnu --host=i686-xen-elf --target=i686-xen-elf --srcdir=../../../newlib-1.16.0/newlib

## --------- ##
## Platform. ##
## --------- ##

hostname = node0301
uname -m = x86_64
uname -r = 3.1.0-1-amd64
uname -s = Linux
uname -v = #1 SMP Tue Jan 10 05:01:58 UTC 2012

/usr/bin/uname -p = unknown
/bin/uname -X     = unknown

/bin/arch              = unknown
/usr/bin/arch -k       = unknown
/usr/convex/getsysinfo = unknown
/usr/bin/hostinfo      = unknown
/bin/machine           = unknown
/usr/bin/oslevel       = unknown
/bin/universe          = unknown

PATH: /usr/local/sbin
PATH: /usr/local/bin
PATH: /usr/sbin
PATH: /usr/bin
PATH: /sbin
PATH: /bin
PATH: /opt/dell/srvadmin/sbin


## ----------- ##
## Core tests. ##
## ----------- ##

configure:1905: creating cache ./config.cache
configure:2180: checking build system type
configure:2198: result: x86_64-unknown-linux-gnu
configure:2234: checking for a BSD-compatible install
configure:2290: result: /usr/bin/install -c
configure:2301: checking whether build environment is sane
configure:2344: result: yes
configure:2409: checking for gawk
configure:2425: found /usr/bin/gawk
configure:2436: result: gawk
configure:2447: checking whether make sets $(MAKE)
configure:2468: result: yes
configure:2498: checking for style of include used by make
configure:2526: result: GNU
configure:2686: checking host system type
configure:2701: result: i686-xen-elf
configure:2773: checking for i686-xen-elf-strip
configure:2800: result: i686-xen-elf-strip
configure:2896: checking for gcc
configure:2923: result: gcc -isystem /usr/src/xen_build_from_xen_source/xen-4.1.2/stubdom/../extras/mini-os/include -D__MINIOS__ -DHAVE_LIBC -isystem /usr/src/xen_build_from_xen_source/xen-4.1.2/stubdom/../extras/mini-os/include/posix -isystem /usr/src/xen_build_from_xen_source/xen-4.1.2/stubdom/../tools/xenstore  -isystem /usr/src/xen_build_from_xen_source/xen-4.1.2/stubdom/../extras/mini-os/include/x86 -isystem /usr/src/xen_build_from_xen_source/xen-4.1.2/stubdom/../extras/mini-os/include/x86/x86_32 -U __linux__ -U __FreeBSD__ -U __sun__ -nostdinc -isystem /usr/src/xen_build_from_xen_source/xen-4.1.2/stubdom/../extras/mini-os/include/posix -isystem /usr/src/xen_build_from_xen_source/xen-4.1.2/stubdom/cross-root-i686/i686-xen-elf/include -isystem /usr/lib/gcc/x86_64-linux-gnu/4.6/include -isystem /usr/src/xen_build_from_xen_source/xen-4.1.2/stubdom/lwip-x86_32/src/include -isystem /usr/src/xen_build_from_xen_source/xen-4.1.2/stubdom/lwip-x86_32/src/include/ipv4 -I/usr/src/xen_build_from_xen_source/xen-4.1.2/stubdom/include -I/usr/src/xen_build_from_xen_source/xen-4.1.2/stubdom/../xen/include  -O1 -fno-omit-frame-pointer -fno-optimize-sibling-calls  -m32 -march=i686 -m32 -march=i686 -g -fno-strict-aliasing -std=gnu99 -Wall -Wstrict-prototypes -Wno-unused-value -Wdeclaration-after-statement -Wno-unused-but-set-variable  -fno-stack-protector -fno-exceptions -D_I386MACH_ALLOW_HW_INTERRUPTS -B/usr/src/xen_build_from_xen_source/xen-4.1.2/stubdom/newlib-x86_32/i686-xen-elf/newlib/ -isystem /usr/src/xen_build_from_xen_source/xen-4.1.2/stubdom/newlib-x86_32/i686-xen-elf/newlib/targ-include -isystem /usr/src/xen_build_from_xen_source/xen-4.1.2/stubdom/newlib-1.16.0/newlib/libc/include -B/usr/src/xen_build_from_xen_source/xen-4.1.2/stubdom/newlib-x86_32/i686-xen-elf/libgloss/i386 -L/usr/src/xen_build_from_xen_source/xen-4.1.2/stubdom/newlib-x86_32/i686-xen-elf/libgloss/libnosys -L/usr/src/xen_build_from_xen_source/xen-4.1.2/stubdom/newlib-1.16.0/libgloss/i386
configure:2934: checking dependency style of gcc -isystem /usr/src/xen_build_from_xen_source/xen-4.1.2/stubdom/../extras/mini-os/include -D__MINIOS__ -DHAVE_LIBC -isystem /usr/src/xen_build_from_xen_source/xen-4.1.2/stubdom/../extras/mini-os/include/posix -isystem /usr/src/xen_build_from_xen_source/xen-4.1.2/stubdom/../tools/xenstore  -isystem /usr/src/xen_build_from_xen_source/xen-4.1.2/stubdom/../extras/mini-os/include/x86 -isystem /usr/src/xen_build_from_xen_source/xen-4.1.2/stubdom/../extras/mini-os/include/x86/x86_32 -U __linux__ -U __FreeBSD__ -U __sun__ -nostdinc -isystem /usr/src/xen_build_from_xen_source/xen-4.1.2/stubdom/../extras/mini-os/include/posix -isystem /usr/src/xen_build_from_xen_source/xen-4.1.2/stubdom/cross-root-i686/i686-xen-elf/include -isystem /usr/lib/gcc/x86_64-linux-gnu/4.6/include -isystem /usr/src/xen_build_from_xen_source/xen-4.1.2/stubdom/lwip-x86_32/src/include -isystem /usr/src/xen_build_from_xen_source/xen-4.1.2/stubdom/lwip-x86_32/src/include/ipv4 -I/usr/src/xen_build_from_xen_source/xen-4.1.2/stubdom/include -I/usr/src/xen_build_from_xen_source/xen-4.1.2/stubdom/../xen/include  -O1 -fno-omit-frame-pointer -fno-optimize-sibling-calls  -m32 -march=i686 -m32 -march=i686 -g -fno-strict-aliasing -std=gnu99 -Wall -Wstrict-prototypes -Wno-unused-value -Wdeclaration-after-statement -Wno-unused-but-set-variable  -fno-stack-protector -fno-exceptions -D_I386MACH_ALLOW_HW_INTERRUPTS -B/usr/src/xen_build_from_xen_source/xen-4.1.2/stubdom/newlib-x86_32/i686-xen-elf/newlib/ -isystem /usr/src/xen_build_from_xen_source/xen-4.1.2/stubdom/newlib-x86_32/i686-xen-elf/newlib/targ-include -isystem /usr/src/xen_build_from_xen_source/xen-4.1.2/stubdom/newlib-1.16.0/newlib/libc/include -B/usr/src/xen_build_from_xen_source/xen-4.1.2/stubdom/newlib-x86_32/i686-xen-elf/libgloss/i386 -L/usr/src/xen_build_from_xen_source/xen-4.1.2/stubdom/newlib-x86_32/i686-xen-elf/libgloss/libnosys -L/usr/src/xen_build_from_xen_source/xen-4.1.2/stubdom/newlib-1.16.0/libgloss/i386
configure:3024: result: gcc3
configure:3101: checking whether we are using GNU C
configure:3112: gcc -isystem /usr/src/xen_build_from_xen_source/xen-4.1.2/stubdom/../extras/mini-os/include -D__MINIOS__ -DHAVE_LIBC -isystem /usr/src/xen_build_from_xen_source/xen-4.1.2/stubdom/../extras/mini-os/include/posix -isystem /usr/src/xen_build_from_xen_source/xen-4.1.2/stubdom/../tools/xenstore  -isystem /usr/src/xen_build_from_xen_source/xen-4.1.2/stubdom/../extras/mini-os/include/x86 -isystem /usr/src/xen_build_from_xen_source/xen-4.1.2/stubdom/../extras/mini-os/include/x86/x86_32 -U __linux__ -U __FreeBSD__ -U __sun__ -nostdinc -isystem /usr/src/xen_build_from_xen_source/xen-4.1.2/stubdom/../extras/mini-os/include/posix -isystem /usr/src/xen_build_from_xen_source/xen-4.1.2/stubdom/cross-root-i686/i686-xen-elf/include -isystem /usr/lib/gcc/x86_64-linux-gnu/4.6/include -isystem /usr/src/xen_build_from_xen_source/xen-4.1.2/stubdom/lwip-x86_32/src/include -isystem /usr/src/xen_build_from_xen_source/xen-4.1.2/stubdom/lwip-x86_32/src/include/ipv4 -I/usr/src/xen_build_from_xen_source/xen-4.1.2/stubdom/include -I/usr/src/xen_build_from_xen_source/xen-4.1.2/stubdom/../xen/include  -O1 -fno-omit-frame-pointer -fno-optimize-sibling-calls  -m32 -march=i686 -m32 -march=i686 -g -fno-strict-aliasing -std=gnu99 -Wall -Wstrict-prototypes -Wno-unused-value -Wdeclaration-after-statement -Wno-unused-but-set-variable  -fno-stack-protector -fno-exceptions -D_I386MACH_ALLOW_HW_INTERRUPTS -B/usr/src/xen_build_from_xen_source/xen-4.1.2/stubdom/newlib-x86_32/i686-xen-elf/newlib/ -isystem /usr/src/xen_build_from_xen_source/xen-4.1.2/stubdom/newlib-x86_32/i686-xen-elf/newlib/targ-include -isystem /usr/src/xen_build_from_xen_source/xen-4.1.2/stubdom/newlib-1.16.0/newlib/libc/include -B/usr/src/xen_build_from_xen_source/xen-4.1.2/stubdom/newlib-x86_32/i686-xen-elf/libgloss/i386 -L/usr/src/xen_build_from_xen_source/xen-4.1.2/stubdom/newlib-x86_32/i686-xen-elf/libgloss/libnosys -L/usr/src/xen_build_from_xen_source/xen-4.1.2/stubdom/newlib-1.16.0/libgloss/i386 -E conftest.c
configure:3115: $? = 0
configure:3122: result: yes
configure:3132: checking whether gcc -isystem /usr/src/xen_build_from_xen_source/xen-4.1.2/stubdom/../extras/mini-os/include -D__MINIOS__ -DHAVE_LIBC -isystem /usr/src/xen_build_from_xen_source/xen-4.1.2/stubdom/../extras/mini-os/include/posix -isystem /usr/src/xen_build_from_xen_source/xen-4.1.2/stubdom/../tools/xenstore  -isystem /usr/src/xen_build_from_xen_source/xen-4.1.2/stubdom/../extras/mini-os/include/x86 -isystem /usr/src/xen_build_from_xen_source/xen-4.1.2/stubdom/../extras/mini-os/include/x86/x86_32 -U __linux__ -U __FreeBSD__ -U __sun__ -nostdinc -isystem /usr/src/xen_build_from_xen_source/xen-4.1.2/stubdom/../extras/mini-os/include/posix -isystem /usr/src/xen_build_from_xen_source/xen-4.1.2/stubdom/cross-root-i686/i686-xen-elf/include -isystem /usr/lib/gcc/x86_64-linux-gnu/4.6/include -isystem /usr/src/xen_build_from_xen_source/xen-4.1.2/stubdom/lwip-x86_32/src/include -isystem /usr/src/xen_build_from_xen_source/xen-4.1.2/stubdom/lwip-x86_32/src/include/ipv4 -I/usr/src/xen_build_from_xen_source/xen-4.1.2/stubdom/include -I/usr/src/xen_build_from_xen_source/xen-4.1.2/stubdom/../xen/include  -O1 -fno-omit-frame-pointer -fno-optimize-sibling-calls  -m32 -march=i686 -m32 -march=i686 -g -fno-strict-aliasing -std=gnu99 -Wall -Wstrict-prototypes -Wno-unused-value -Wdeclaration-after-statement -Wno-unused-but-set-variable  -fno-stack-protector -fno-exceptions -D_I386MACH_ALLOW_HW_INTERRUPTS -B/usr/src/xen_build_from_xen_source/xen-4.1.2/stubdom/newlib-x86_32/i686-xen-elf/newlib/ -isystem /usr/src/xen_build_from_xen_source/xen-4.1.2/stubdom/newlib-x86_32/i686-xen-elf/newlib/targ-include -isystem /usr/src/xen_build_from_xen_source/xen-4.1.2/stubdom/newlib-1.16.0/newlib/libc/include -B/usr/src/xen_build_from_xen_source/xen-4.1.2/stubdom/newlib-x86_32/i686-xen-elf/libgloss/i386 -L/usr/src/xen_build_from_xen_source/xen-4.1.2/stubdom/newlib-x86_32/i686-xen-elf/libgloss/libnosys -L/usr/src/xen_build_from_xen_source/xen-4.1.2/stubdom/newlib-1.16.0/libgloss/i386 accepts -g
configure:3162: gcc -isystem /usr/src/xen_build_from_xen_source/xen-4.1.2/stubdom/../extras/mini-os/include -D__MINIOS__ -DHAVE_LIBC -isystem /usr/src/xen_build_from_xen_source/xen-4.1.2/stubdom/../extras/mini-os/include/posix -isystem /usr/src/xen_build_from_xen_source/xen-4.1.2/stubdom/../tools/xenstore  -isystem /usr/src/xen_build_from_xen_source/xen-4.1.2/stubdom/../extras/mini-os/include/x86 -isystem /usr/src/xen_build_from_xen_source/xen-4.1.2/stubdom/../extras/mini-os/include/x86/x86_32 -U __linux__ -U __FreeBSD__ -U __sun__ -nostdinc -isystem /usr/src/xen_build_from_xen_source/xen-4.1.2/stubdom/../extras/mini-os/include/posix -isystem /usr/src/xen_build_from_xen_source/xen-4.1.2/stubdom/cross-root-i686/i686-xen-elf/include -isystem /usr/lib/gcc/x86_64-linux-gnu/4.6/include -isystem /usr/src/xen_build_from_xen_source/xen-4.1.2/stubdom/lwip-x86_32/src/include -isystem /usr/src/xen_build_from_xen_source/xen-4.1.2/stubdom/lwip-x86_32/src/include/ipv4 -I/usr/src/xen_build_from_xen_source/xen-4.1.2/stubdom/include -I/usr/src/xen_build_from_xen_source/xen-4.1.2/stubdom/../xen/include  -O1 -fno-omit-frame-pointer -fno-optimize-sibling-calls  -m32 -march=i686 -m32 -march=i686 -g -fno-strict-aliasing -std=gnu99 -Wall -Wstrict-prototypes -Wno-unused-value -Wdeclaration-after-statement -Wno-unused-but-set-variable  -fno-stack-protector -fno-exceptions -D_I386MACH_ALLOW_HW_INTERRUPTS -B/usr/src/xen_build_from_xen_source/xen-4.1.2/stubdom/newlib-x86_32/i686-xen-elf/newlib/ -isystem /usr/src/xen_build_from_xen_source/xen-4.1.2/stubdom/newlib-x86_32/i686-xen-elf/newlib/targ-include -isystem /usr/src/xen_build_from_xen_source/xen-4.1.2/stubdom/newlib-1.16.0/newlib/libc/include -B/usr/src/xen_build_from_xen_source/xen-4.1.2/stubdom/newlib-x86_32/i686-xen-elf/libgloss/i386 -L/usr/src/xen_build_from_xen_source/xen-4.1.2/stubdom/newlib-x86_32/i686-xen-elf/libgloss/libnosys -L/usr/src/xen_build_from_xen_source/xen-4.1.2/stubdom/newlib-1.16.0/libgloss/i386 -c -g  conftest.c >&5
conftest.c:10:1: warning: function declaration isn't a prototype [-Wstrict-prototypes]
configure:3168: $? = 0
configure: failed program was:
| /* confdefs.h.  */
| #define PACKAGE_NAME "newlib"
| #define PACKAGE_TARNAME "newlib"
| #define PACKAGE_VERSION "1.16.0"
| #define PACKAGE_STRING "newlib 1.16.0"
| #define PACKAGE_BUGREPORT ""
| /* end confdefs.h.  */
| 
| int
| main ()
| {
| 
|   ;
|   return 0;
| }
configure:3200: gcc -isystem /usr/src/xen_build_from_xen_source/xen-4.1.2/stubdom/../extras/mini-os/include -D__MINIOS__ -DHAVE_LIBC -isystem /usr/src/xen_build_from_xen_source/xen-4.1.2/stubdom/../extras/mini-os/include/posix -isystem /usr/src/xen_build_from_xen_source/xen-4.1.2/stubdom/../tools/xenstore  -isystem /usr/src/xen_build_from_xen_source/xen-4.1.2/stubdom/../extras/mini-os/include/x86 -isystem /usr/src/xen_build_from_xen_source/xen-4.1.2/stubdom/../extras/mini-os/include/x86/x86_32 -U __linux__ -U __FreeBSD__ -U __sun__ -nostdinc -isystem /usr/src/xen_build_from_xen_source/xen-4.1.2/stubdom/../extras/mini-os/include/posix -isystem /usr/src/xen_build_from_xen_source/xen-4.1.2/stubdom/cross-root-i686/i686-xen-elf/include -isystem /usr/lib/gcc/x86_64-linux-gnu/4.6/include -isystem /usr/src/xen_build_from_xen_source/xen-4.1.2/stubdom/lwip-x86_32/src/include -isystem /usr/src/xen_build_from_xen_source/xen-4.1.2/stubdom/lwip-x86_32/src/include/ipv4 -I/usr/src/xen_build_from_xen_source/xen-4.1.2/stubdom/include -I/usr/src/xen_build_from_xen_source/xen-4.1.2/stubdom/../xen/include  -O1 -fno-omit-frame-pointer -fno-optimize-sibling-calls  -m32 -march=i686 -m32 -march=i686 -g -fno-strict-aliasing -std=gnu99 -Wall -Wstrict-prototypes -Wno-unused-value -Wdeclaration-after-statement -Wno-unused-but-set-variable  -fno-stack-protector -fno-exceptions -D_I386MACH_ALLOW_HW_INTERRUPTS -B/usr/src/xen_build_from_xen_source/xen-4.1.2/stubdom/newlib-x86_32/i686-xen-elf/newlib/ -isystem /usr/src/xen_build_from_xen_source/xen-4.1.2/stubdom/newlib-x86_32/i686-xen-elf/newlib/targ-include -isystem /usr/src/xen_build_from_xen_source/xen-4.1.2/stubdom/newlib-1.16.0/newlib/libc/include -B/usr/src/xen_build_from_xen_source/xen-4.1.2/stubdom/newlib-x86_32/i686-xen-elf/libgloss/i386 -L/usr/src/xen_build_from_xen_source/xen-4.1.2/stubdom/newlib-x86_32/i686-xen-elf/libgloss/libnosys -L/usr/src/xen_build_from_xen_source/xen-4.1.2/stubdom/newlib-1.16.0/libgloss/i386 -c   conftest.c >&5
conftest.c:10:1: warning: function declaration isn't a prototype [-Wstrict-prototypes]
configure:3206: $? = 0
configure: failed program was:
| /* confdefs.h.  */
| #define PACKAGE_NAME "newlib"
| #define PACKAGE_TARNAME "newlib"
| #define PACKAGE_VERSION "1.16.0"
| #define PACKAGE_STRING "newlib 1.16.0"
| #define PACKAGE_BUGREPORT ""
| /* end confdefs.h.  */
| 
| int
| main ()
| {
| 
|   ;
|   return 0;
| }
configure:3239: gcc -isystem /usr/src/xen_build_from_xen_source/xen-4.1.2/stubdom/../extras/mini-os/include -D__MINIOS__ -DHAVE_LIBC -isystem /usr/src/xen_build_from_xen_source/xen-4.1.2/stubdom/../extras/mini-os/include/posix -isystem /usr/src/xen_build_from_xen_source/xen-4.1.2/stubdom/../tools/xenstore  -isystem /usr/src/xen_build_from_xen_source/xen-4.1.2/stubdom/../extras/mini-os/include/x86 -isystem /usr/src/xen_build_from_xen_source/xen-4.1.2/stubdom/../extras/mini-os/include/x86/x86_32 -U __linux__ -U __FreeBSD__ -U __sun__ -nostdinc -isystem /usr/src/xen_build_from_xen_source/xen-4.1.2/stubdom/../extras/mini-os/include/posix -isystem /usr/src/xen_build_from_xen_source/xen-4.1.2/stubdom/cross-root-i686/i686-xen-elf/include -isystem /usr/lib/gcc/x86_64-linux-gnu/4.6/include -isystem /usr/src/xen_build_from_xen_source/xen-4.1.2/stubdom/lwip-x86_32/src/include -isystem /usr/src/xen_build_from_xen_source/xen-4.1.2/stubdom/lwip-x86_32/src/include/ipv4 -I/usr/src/xen_build_from_xen_source/xen-4.1.2/stubdom/include -I/usr/src/xen_build_from_xen_source/xen-4.1.2/stubdom/../xen/include  -O1 -fno-omit-frame-pointer -fno-optimize-sibling-calls  -m32 -march=i686 -m32 -march=i686 -g -fno-strict-aliasing -std=gnu99 -Wall -Wstrict-prototypes -Wno-unused-value -Wdeclaration-after-statement -Wno-unused-but-set-variable  -fno-stack-protector -fno-exceptions -D_I386MACH_ALLOW_HW_INTERRUPTS -B/usr/src/xen_build_from_xen_source/xen-4.1.2/stubdom/newlib-x86_32/i686-xen-elf/newlib/ -isystem /usr/src/xen_build_from_xen_source/xen-4.1.2/stubdom/newlib-x86_32/i686-xen-elf/newlib/targ-include -isystem /usr/src/xen_build_from_xen_source/xen-4.1.2/stubdom/newlib-1.16.0/newlib/libc/include -B/usr/src/xen_build_from_xen_source/xen-4.1.2/stubdom/newlib-x86_32/i686-xen-elf/libgloss/i386 -L/usr/src/xen_build_from_xen_source/xen-4.1.2/stubdom/newlib-x86_32/i686-xen-elf/libgloss/libnosys -L/usr/src/xen_build_from_xen_source/xen-4.1.2/stubdom/newlib-1.16.0/libgloss/i386 -c -g  conftest.c >&5
conftest.c:10:1: warning: function declaration isn't a prototype [-Wstrict-prototypes]
configure:3245: $? = 0
configure: failed program was:
| /* confdefs.h.  */
| #define PACKAGE_NAME "newlib"
| #define PACKAGE_TARNAME "newlib"
| #define PACKAGE_VERSION "1.16.0"
| #define PACKAGE_STRING "newlib 1.16.0"
| #define PACKAGE_BUGREPORT ""
| /* end confdefs.h.  */
| 
| int
| main ()
| {
| 
|   ;
|   return 0;
| }
configure:3267: result: no
configure:3300: checking for i686-xen-elf-as
configure:3327: result: i686-xen-elf-as
configure:3396: checking for i686-xen-elf-ar
configure:3423: result: ar
configure:3492: checking for i686-xen-elf-ranlib
configure:3519: result: ranlib
configure:3588: checking for i686-xen-elf-readelf
configure:3618: result: no
configure:3628: checking for readelf
configure:3644: found /usr/bin/readelf
configure:3655: result: readelf
configure:3669: WARNING: In the future, Autoconf will not detect cross-tools
whose name does not start with the host triplet.  If you think this
configuration is useful to you, please write to autoconf@gnu.org.
configure:3695: checking for a BSD-compatible install
configure:3751: result: /usr/bin/install -c
configure:3766: checking whether to enable maintainer-specific portions of Makefiles
configure:3775: result: no
configure:3896: checking for a sed that does not truncate output
configure:3975: result: /bin/sed
configure:3997: checking for gawk
configure:4024: result: gawk
configure:12166: checking for .preinit_array/.init_array/.fini_array support
configure:12179: gcc -isystem /usr/src/xen_build_from_xen_source/xen-4.1.2/stubdom/../extras/mini-os/include -D__MINIOS__ -DHAVE_LIBC -isystem /usr/src/xen_build_from_xen_source/xen-4.1.2/stubdom/../extras/mini-os/include/posix -isystem /usr/src/xen_build_from_xen_source/xen-4.1.2/stubdom/../tools/xenstore  -isystem /usr/src/xen_build_from_xen_source/xen-4.1.2/stubdom/../extras/mini-os/include/x86 -isystem /usr/src/xen_build_from_xen_source/xen-4.1.2/stubdom/../extras/mini-os/include/x86/x86_32 -U __linux__ -U __FreeBSD__ -U __sun__ -nostdinc -isystem /usr/src/xen_build_from_xen_source/xen-4.1.2/stubdom/../extras/mini-os/include/posix -isystem /usr/src/xen_build_from_xen_source/xen-4.1.2/stubdom/cross-root-i686/i686-xen-elf/include -isystem /usr/lib/gcc/x86_64-linux-gnu/4.6/include -isystem /usr/src/xen_build_from_xen_source/xen-4.1.2/stubdom/lwip-x86_32/src/include -isystem /usr/src/xen_build_from_xen_source/xen-4.1.2/stubdom/lwip-x86_32/src/include/ipv4 -I/usr/src/xen_build_from_xen_source/xen-4.1.2/stubdom/include -I/usr/src/xen_build_from_xen_source/xen-4.1.2/stubdom/../xen/include  -O1 -fno-omit-frame-pointer -fno-optimize-sibling-calls  -m32 -march=i686 -m32 -march=i686 -g -fno-strict-aliasing -std=gnu99 -Wall -Wstrict-prototypes -Wno-unused-value -Wdeclaration-after-statement -Wno-unused-but-set-variable  -fno-stack-protector -fno-exceptions -D_I386MACH_ALLOW_HW_INTERRUPTS -B/usr/src/xen_build_from_xen_source/xen-4.1.2/stubdom/newlib-x86_32/i686-xen-elf/newlib/ -isystem /usr/src/xen_build_from_xen_source/xen-4.1.2/stubdom/newlib-x86_32/i686-xen-elf/newlib/targ-include -isystem /usr/src/xen_build_from_xen_source/xen-4.1.2/stubdom/newlib-1.16.0/newlib/libc/include -B/usr/src/xen_build_from_xen_source/xen-4.1.2/stubdom/newlib-x86_32/i686-xen-elf/libgloss/i386 -L/usr/src/xen_build_from_xen_source/xen-4.1.2/stubdom/newlib-x86_32/i686-xen-elf/libgloss/libnosys -L/usr/src/xen_build_from_xen_source/xen-4.1.2/stubdom/newlib-1.16.0/libgloss/i386    -o conftest conftest.c
		   -static -nostartfiles -nostdlib 1>&5
configure:12182: $? = 0
configure:12195: result: yes
configure:12205: checking for array aliasing support
configure:12216: gcc -isystem /usr/src/xen_build_from_xen_source/xen-4.1.2/stubdom/../extras/mini-os/include -D__MINIOS__ -DHAVE_LIBC -isystem /usr/src/xen_build_from_xen_source/xen-4.1.2/stubdom/../extras/mini-os/include/posix -isystem /usr/src/xen_build_from_xen_source/xen-4.1.2/stubdom/../tools/xenstore  -isystem /usr/src/xen_build_from_xen_source/xen-4.1.2/stubdom/../extras/mini-os/include/x86 -isystem /usr/src/xen_build_from_xen_source/xen-4.1.2/stubdom/../extras/mini-os/include/x86/x86_32 -U __linux__ -U __FreeBSD__ -U __sun__ -nostdinc -isystem /usr/src/xen_build_from_xen_source/xen-4.1.2/stubdom/../extras/mini-os/include/posix -isystem /usr/src/xen_build_from_xen_source/xen-4.1.2/stubdom/cross-root-i686/i686-xen-elf/include -isystem /usr/lib/gcc/x86_64-linux-gnu/4.6/include -isystem /usr/src/xen_build_from_xen_source/xen-4.1.2/stubdom/lwip-x86_32/src/include -isystem /usr/src/xen_build_from_xen_source/xen-4.1.2/stubdom/lwip-x86_32/src/include/ipv4 -I/usr/src/xen_build_from_xen_source/xen-4.1.2/stubdom/include -I/usr/src/xen_build_from_xen_source/xen-4.1.2/stubdom/../xen/include  -O1 -fno-omit-frame-pointer -fno-optimize-sibling-calls  -m32 -march=i686 -m32 -march=i686 -g -fno-strict-aliasing -std=gnu99 -Wall -Wstrict-prototypes -Wno-unused-value -Wdeclaration-after-statement -Wno-unused-but-set-variable  -fno-stack-protector -fno-exceptions -D_I386MACH_ALLOW_HW_INTERRUPTS -B/usr/src/xen_build_from_xen_source/xen-4.1.2/stubdom/newlib-x86_32/i686-xen-elf/newlib/ -isystem /usr/src/xen_build_from_xen_source/xen-4.1.2/stubdom/newlib-x86_32/i686-xen-elf/newlib/targ-include -isystem /usr/src/xen_build_from_xen_source/xen-4.1.2/stubdom/newlib-1.16.0/newlib/libc/include -B/usr/src/xen_build_from_xen_source/xen-4.1.2/stubdom/newlib-x86_32/i686-xen-elf/libgloss/i386 -L/usr/src/xen_build_from_xen_source/xen-4.1.2/stubdom/newlib-x86_32/i686-xen-elf/libgloss/libnosys -L/usr/src/xen_build_from_xen_source/xen-4.1.2/stubdom/newlib-1.16.0/libgloss/i386   -c conftest.c
		   1>&5
conftest.c:1:1: warning: excess elements in scalar initializer [enabled by default]
conftest.c:1:1: warning: (near initialization for 'x3') [enabled by default]
conftest.c:1:1: warning: excess elements in scalar initializer [enabled by default]
conftest.c:1:1: warning: (near initialization for 'x3') [enabled by default]
conftest.c:2:13: error: 'y2' aliased to undefined symbol 'x+1'
configure:12219: $? = 1
configure:12228: result: no
configure:12304: updating cache ./config.cache
configure:12431: creating ./config.status

## ---------------------- ##
## Running config.status. ##
## ---------------------- ##

This file was extended by newlib config.status 1.16.0, which was
generated by GNU Autoconf 2.61.  Invocation command line was

  CONFIG_FILES    = 
  CONFIG_HEADERS  = 
  CONFIG_LINKS    = 
  CONFIG_COMMANDS = 
  $ ./config.status 

on node0301

config.status:896: creating Makefile
config.status:896: creating newlib.h
config.status:1148: executing depfiles commands
configure:14623: === configuring in libc (/usr/src/xen_build_from_xen_source/xen-4.1.2/stubdom/newlib-x86_32/i686-xen-elf/newlib/libc)
configure:14726: running /bin/bash ../../../../newlib-1.16.0/newlib/libc/configure '--prefix=/usr/src/xen_build_from_xen_source/xen-4.1.2/stubdom/cross-root-i686'  '--with-newlib' '--with-cross-host=x86_64-unknown-linux-gnu' '--verbose' '--target=i686-xen-elf' '--enable-newlib-io-long-long' '--disable-multilib' '--program-transform-name=s,^,i686-xen-elf-,' '--with-target-subdir=i686-xen-elf' '--build=x86_64-unknown-linux-gnu' '--host=i686-xen-elf' '--target=i686-xen-elf' 'build_alias=x86_64-unknown-linux-gnu' 'host_alias=i686-xen-elf' 'target_alias=i686-xen-elf' 'CC=gcc -isystem /usr/src/xen_build_from_xen_source/xen-4.1.2/stubdom/../extras/mini-os/include -D__MINIOS__ -DHAVE_LIBC -isystem /usr/src/xen_build_from_xen_source/xen-4.1.2/stubdom/../extras/mini-os/include/posix -isystem /usr/src/xen_build_from_xen_source/xen-4.1.2/stubdom/../tools/xenstore  -isystem /usr/src/xen_build_from_xen_source/xen-4.1.2/stubdom/../extras/mini-os/include/x86 -isystem /usr/src/xen_build_from_xen_source/xen-4.1.2/stubdom/../extras/mini-os/include/x86/x86_32 -U __linux__ -U __FreeBSD__ -U __sun__ -nostdinc -isystem /usr/src/xen_build_from_xen_source/xen-4.1.2/stubdom/../extras/mini-os/include/posix -isystem /usr/src/xen_build_from_xen_source/xen-4.1.2/stubdom/cross-root-i686/i686-xen-elf/include -isystem /usr/lib/gcc/x86_64-linux-gnu/4.6/include -isystem /usr/src/xen_build_from_xen_source/xen-4.1.2/stubdom/lwip-x86_32/src/include -isystem /usr/src/xen_build_from_xen_source/xen-4.1.2/stubdom/lwip-x86_32/src/include/ipv4 -I/usr/src/xen_build_from_xen_source/xen-4.1.2/stubdom/include -I/usr/src/xen_build_from_xen_source/xen-4.1.2/stubdom/../xen/include  -O1 -fno-omit-frame-pointer -fno-optimize-sibling-calls  -m32 -march=i686 -m32 -march=i686 -g -fno-strict-aliasing -std=gnu99 -Wall -Wstrict-prototypes -Wno-unused-value -Wdeclaration-after-statement -Wno-unused-but-set-variable  -fno-stack-protector -fno-exceptions -D_I386MACH_ALLOW_HW_INTERRUPTS -B/usr/src/xen_build_from_xen_source/xen-4.1.2/stubdom/newlib-x86_32/i686-xen-elf/newlib/ -isystem /usr/src/xen_build_from_xen_source/xen-4.1.2/stubdom/newlib-x86_32/i686-xen-elf/newlib/targ-include -isystem /usr/src/xen_build_from_xen_source/xen-4.1.2/stubdom/newlib-1.16.0/newlib/libc/include -B/usr/src/xen_build_from_xen_source/xen-4.1.2/stubdom/newlib-x86_32/i686-xen-elf/libgloss/i386 -L/usr/src/xen_build_from_xen_source/xen-4.1.2/stubdom/newlib-x86_32/i686-xen-elf/libgloss/libnosys -L/usr/src/xen_build_from_xen_source/xen-4.1.2/stubdom/newlib-1.16.0/libgloss/i386' 'CFLAGS=-O2 -g -g -O2  ' 'LDFLAGS=' 'CPPFLAGS=' --cache-file=.././config.cache --srcdir=../../../../newlib-1.16.0/newlib/libc
configure:14623: === configuring in libm (/usr/src/xen_build_from_xen_source/xen-4.1.2/stubdom/newlib-x86_32/i686-xen-elf/newlib/libm)
configure:14726: running /bin/bash ../../../../newlib-1.16.0/newlib/libm/configure '--prefix=/usr/src/xen_build_from_xen_source/xen-4.1.2/stubdom/cross-root-i686'  '--with-newlib' '--with-cross-host=x86_64-unknown-linux-gnu' '--verbose' '--target=i686-xen-elf' '--enable-newlib-io-long-long' '--disable-multilib' '--program-transform-name=s,^,i686-xen-elf-,' '--with-target-subdir=i686-xen-elf' '--build=x86_64-unknown-linux-gnu' '--host=i686-xen-elf' '--target=i686-xen-elf' 'build_alias=x86_64-unknown-linux-gnu' 'host_alias=i686-xen-elf' 'target_alias=i686-xen-elf' 'CC=gcc -isystem /usr/src/xen_build_from_xen_source/xen-4.1.2/stubdom/../extras/mini-os/include -D__MINIOS__ -DHAVE_LIBC -isystem /usr/src/xen_build_from_xen_source/xen-4.1.2/stubdom/../extras/mini-os/include/posix -isystem /usr/src/xen_build_from_xen_source/xen-4.1.2/stubdom/../tools/xenstore  -isystem /usr/src/xen_build_from_xen_source/xen-4.1.2/stubdom/../extras/mini-os/include/x86 -isystem /usr/src/xen_build_from_xen_source/xen-4.1.2/stubdom/../extras/mini-os/include/x86/x86_32 -U __linux__ -U __FreeBSD__ -U __sun__ -nostdinc -isystem /usr/src/xen_build_from_xen_source/xen-4.1.2/stubdom/../extras/mini-os/include/posix -isystem /usr/src/xen_build_from_xen_source/xen-4.1.2/stubdom/cross-root-i686/i686-xen-elf/include -isystem /usr/lib/gcc/x86_64-linux-gnu/4.6/include -isystem /usr/src/xen_build_from_xen_source/xen-4.1.2/stubdom/lwip-x86_32/src/include -isystem /usr/src/xen_build_from_xen_source/xen-4.1.2/stubdom/lwip-x86_32/src/include/ipv4 -I/usr/src/xen_build_from_xen_source/xen-4.1.2/stubdom/include -I/usr/src/xen_build_from_xen_source/xen-4.1.2/stubdom/../xen/include  -O1 -fno-omit-frame-pointer -fno-optimize-sibling-calls  -m32 -march=i686 -m32 -march=i686 -g -fno-strict-aliasing -std=gnu99 -Wall -Wstrict-prototypes -Wno-unused-value -Wdeclaration-after-statement -Wno-unused-but-set-variable  -fno-stack-protector -fno-exceptions -D_I386MACH_ALLOW_HW_INTERRUPTS -B/usr/src/xen_build_from_xen_source/xen-4.1.2/stubdom/newlib-x86_32/i686-xen-elf/newlib/ -isystem /usr/src/xen_build_from_xen_source/xen-4.1.2/stubdom/newlib-x86_32/i686-xen-elf/newlib/targ-include -isystem /usr/src/xen_build_from_xen_source/xen-4.1.2/stubdom/newlib-1.16.0/newlib/libc/include -B/usr/src/xen_build_from_xen_source/xen-4.1.2/stubdom/newlib-x86_32/i686-xen-elf/libgloss/i386 -L/usr/src/xen_build_from_xen_source/xen-4.1.2/stubdom/newlib-x86_32/i686-xen-elf/libgloss/libnosys -L/usr/src/xen_build_from_xen_source/xen-4.1.2/stubdom/newlib-1.16.0/libgloss/i386' 'CFLAGS=-O2 -g -g -O2  ' 'LDFLAGS=' 'CPPFLAGS=' --cache-file=.././config.cache --srcdir=../../../../newlib-1.16.0/newlib/libm
configure:14623: === configuring in doc (/usr/src/xen_build_from_xen_source/xen-4.1.2/stubdom/newlib-x86_32/i686-xen-elf/newlib/doc)
configure:14726: running /bin/bash ../../../../newlib-1.16.0/newlib/doc/configure '--prefix=/usr/src/xen_build_from_xen_source/xen-4.1.2/stubdom/cross-root-i686'  '--with-newlib' '--with-cross-host=x86_64-unknown-linux-gnu' '--verbose' '--target=i686-xen-elf' '--enable-newlib-io-long-long' '--disable-multilib' '--program-transform-name=s,^,i686-xen-elf-,' '--with-target-subdir=i686-xen-elf' '--build=x86_64-unknown-linux-gnu' '--host=i686-xen-elf' '--target=i686-xen-elf' 'build_alias=x86_64-unknown-linux-gnu' 'host_alias=i686-xen-elf' 'target_alias=i686-xen-elf' 'CC=gcc -isystem /usr/src/xen_build_from_xen_source/xen-4.1.2/stubdom/../extras/mini-os/include -D__MINIOS__ -DHAVE_LIBC -isystem /usr/src/xen_build_from_xen_source/xen-4.1.2/stubdom/../extras/mini-os/include/posix -isystem /usr/src/xen_build_from_xen_source/xen-4.1.2/stubdom/../tools/xenstore  -isystem /usr/src/xen_build_from_xen_source/xen-4.1.2/stubdom/../extras/mini-os/include/x86 -isystem /usr/src/xen_build_from_xen_source/xen-4.1.2/stubdom/../extras/mini-os/include/x86/x86_32 -U __linux__ -U __FreeBSD__ -U __sun__ -nostdinc -isystem /usr/src/xen_build_from_xen_source/xen-4.1.2/stubdom/../extras/mini-os/include/posix -isystem /usr/src/xen_build_from_xen_source/xen-4.1.2/stubdom/cross-root-i686/i686-xen-elf/include -isystem /usr/lib/gcc/x86_64-linux-gnu/4.6/include -isystem /usr/src/xen_build_from_xen_source/xen-4.1.2/stubdom/lwip-x86_32/src/include -isystem /usr/src/xen_build_from_xen_source/xen-4.1.2/stubdom/lwip-x86_32/src/include/ipv4 -I/usr/src/xen_build_from_xen_source/xen-4.1.2/stubdom/include -I/usr/src/xen_build_from_xen_source/xen-4.1.2/stubdom/../xen/include  -O1 -fno-omit-frame-pointer -fno-optimize-sibling-calls  -m32 -march=i686 -m32 -march=i686 -g -fno-strict-aliasing -std=gnu99 -Wall -Wstrict-prototypes -Wno-unused-value -Wdeclaration-after-statement -Wno-unused-but-set-variable  -fno-stack-protector -fno-exceptions -D_I386MACH_ALLOW_HW_INTERRUPTS -B/usr/src/xen_build_from_xen_source/xen-4.1.2/stubdom/newlib-x86_32/i686-xen-elf/newlib/ -isystem /usr/src/xen_build_from_xen_source/xen-4.1.2/stubdom/newlib-x86_32/i686-xen-elf/newlib/targ-include -isystem /usr/src/xen_build_from_xen_source/xen-4.1.2/stubdom/newlib-1.16.0/newlib/libc/include -B/usr/src/xen_build_from_xen_source/xen-4.1.2/stubdom/newlib-x86_32/i686-xen-elf/libgloss/i386 -L/usr/src/xen_build_from_xen_source/xen-4.1.2/stubdom/newlib-x86_32/i686-xen-elf/libgloss/libnosys -L/usr/src/xen_build_from_xen_source/xen-4.1.2/stubdom/newlib-1.16.0/libgloss/i386' 'CFLAGS=-O2 -g -g -O2  ' 'LDFLAGS=' 'CPPFLAGS=' --cache-file=.././config.cache --srcdir=../../../../newlib-1.16.0/newlib/doc

## ---------------- ##
## Cache variables. ##
## ---------------- ##

ac_cv_build=x86_64-unknown-linux-gnu
ac_cv_c_compiler_gnu=yes
ac_cv_env_CCASFLAGS_set=
ac_cv_env_CCASFLAGS_value=
ac_cv_env_CCAS_set=
ac_cv_env_CCAS_value=
ac_cv_env_CC_set=set
ac_cv_env_CC_value='gcc -isystem /usr/src/xen_build_from_xen_source/xen-4.1.2/stubdom/../extras/mini-os/include -D__MINIOS__ -DHAVE_LIBC -isystem /usr/src/xen_build_from_xen_source/xen-4.1.2/stubdom/../extras/mini-os/include/posix -isystem /usr/src/xen_build_from_xen_source/xen-4.1.2/stubdom/../tools/xenstore  -isystem /usr/src/xen_build_from_xen_source/xen-4.1.2/stubdom/../extras/mini-os/include/x86 -isystem /usr/src/xen_build_from_xen_source/xen-4.1.2/stubdom/../extras/mini-os/include/x86/x86_32 -U __linux__ -U __FreeBSD__ -U __sun__ -nostdinc -isystem /usr/src/xen_build_from_xen_source/xen-4.1.2/stubdom/../extras/mini-os/include/posix -isystem /usr/src/xen_build_from_xen_source/xen-4.1.2/stubdom/cross-root-i686/i686-xen-elf/include -isystem /usr/lib/gcc/x86_64-linux-gnu/4.6/include -isystem /usr/src/xen_build_from_xen_source/xen-4.1.2/stubdom/lwip-x86_32/src/include -isystem /usr/src/xen_build_from_xen_source/xen-4.1.2/stubdom/lwip-x86_32/src/include/ipv4 -I/usr/src/xen_build_from_xen_source/xen-4.1.2/stubdom/include -I/usr/src/xen_build_from_xen_source/xen-4.1.2/stubdom/../xen/include  -O1 -fno-omit-frame-pointer -fno-optimize-sibling-calls  -m32 -march=i686 -m32 -march=i686 -g -fno-strict-aliasing -std=gnu99 -Wall -Wstrict-prototypes -Wno-unused-value -Wdeclaration-after-statement -Wno-unused-but-set-variable  -fno-stack-protector -fno-exceptions -D_I386MACH_ALLOW_HW_INTERRUPTS -B/usr/src/xen_build_from_xen_source/xen-4.1.2/stubdom/newlib-x86_32/i686-xen-elf/newlib/ -isystem /usr/src/xen_build_from_xen_source/xen-4.1.2/stubdom/newlib-x86_32/i686-xen-elf/newlib/targ-include -isystem /usr/src/xen_build_from_xen_source/xen-4.1.2/stubdom/newlib-1.16.0/newlib/libc/include -B/usr/src/xen_build_from_xen_source/xen-4.1.2/stubdom/newlib-x86_32/i686-xen-elf/libgloss/i386 -L/usr/src/xen_build_from_xen_source/xen-4.1.2/stubdom/newlib-x86_32/i686-xen-elf/libgloss/libnosys -L/usr/src/xen_build_from_xen_source/xen-4.1.2/stubdom/newlib-1.16.0/libgloss/i386'
ac_cv_env_CFLAGS_set=set
ac_cv_env_CFLAGS_value='-O2 -g -g -O2  '
ac_cv_env_CPPFLAGS_set=set
ac_cv_env_CPPFLAGS_value=
ac_cv_env_CPP_set=
ac_cv_env_CPP_value=
ac_cv_env_LDFLAGS_set=set
ac_cv_env_LDFLAGS_value=
ac_cv_env_LIBS_set=
ac_cv_env_LIBS_value=
ac_cv_env_build_alias_set=set
ac_cv_env_build_alias_value=x86_64-unknown-linux-gnu
ac_cv_env_host_alias_set=set
ac_cv_env_host_alias_value=i686-xen-elf
ac_cv_env_target_alias_set=set
ac_cv_env_target_alias_value=i686-xen-elf
ac_cv_host=i686-xen-elf
ac_cv_path_SED=/bin/sed
ac_cv_prog_AR=ar
ac_cv_prog_AS=i686-xen-elf-as
ac_cv_prog_AWK=gawk
ac_cv_prog_CC='gcc -isystem /usr/src/xen_build_from_xen_source/xen-4.1.2/stubdom/../extras/mini-os/include -D__MINIOS__ -DHAVE_LIBC -isystem /usr/src/xen_build_from_xen_source/xen-4.1.2/stubdom/../extras/mini-os/include/posix -isystem /usr/src/xen_build_from_xen_source/xen-4.1.2/stubdom/../tools/xenstore  -isystem /usr/src/xen_build_from_xen_source/xen-4.1.2/stubdom/../extras/mini-os/include/x86 -isystem /usr/src/xen_build_from_xen_source/xen-4.1.2/stubdom/../extras/mini-os/include/x86/x86_32 -U __linux__ -U __FreeBSD__ -U __sun__ -nostdinc -isystem /usr/src/xen_build_from_xen_source/xen-4.1.2/stubdom/../extras/mini-os/include/posix -isystem /usr/src/xen_build_from_xen_source/xen-4.1.2/stubdom/cross-root-i686/i686-xen-elf/include -isystem /usr/lib/gcc/x86_64-linux-gnu/4.6/include -isystem /usr/src/xen_build_from_xen_source/xen-4.1.2/stubdom/lwip-x86_32/src/include -isystem /usr/src/xen_build_from_xen_source/xen-4.1.2/stubdom/lwip-x86_32/src/include/ipv4 -I/usr/src/xen_build_from_xen_source/xen-4.1.2/stubdom/include -I/usr/src/xen_build_from_xen_source/xen-4.1.2/stubdom/../xen/include  -O1 -fno-omit-frame-pointer -fno-optimize-sibling-calls  -m32 -march=i686 -m32 -march=i686 -g -fno-strict-aliasing -std=gnu99 -Wall -Wstrict-prototypes -Wno-unused-value -Wdeclaration-after-statement -Wno-unused-but-set-variable  -fno-stack-protector -fno-exceptions -D_I386MACH_ALLOW_HW_INTERRUPTS -B/usr/src/xen_build_from_xen_source/xen-4.1.2/stubdom/newlib-x86_32/i686-xen-elf/newlib/ -isystem /usr/src/xen_build_from_xen_source/xen-4.1.2/stubdom/newlib-x86_32/i686-xen-elf/newlib/targ-include -isystem /usr/src/xen_build_from_xen_source/xen-4.1.2/stubdom/newlib-1.16.0/newlib/libc/include -B/usr/src/xen_build_from_xen_source/xen-4.1.2/stubdom/newlib-x86_32/i686-xen-elf/libgloss/i386 -L/usr/src/xen_build_from_xen_source/xen-4.1.2/stubdom/newlib-x86_32/i686-xen-elf/libgloss/libnosys -L/usr/src/xen_build_from_xen_source/xen-4.1.2/stubdom/newlib-1.16.0/libgloss/i386'
ac_cv_prog_RANLIB=ranlib
ac_cv_prog_STRIP=i686-xen-elf-strip
ac_cv_prog_ac_ct_READELF=readelf
ac_cv_prog_cc_g=no
ac_cv_prog_make_make_set=yes
am_cv_CC_dependencies_compiler_type=gcc3
libc_cv_array_aliasing=no
libc_cv_initfinit_array=yes

## ----------------- ##
## Output variables. ##
## ----------------- ##

ACLOCAL='${SHELL} /usr/src/xen_build_from_xen_source/xen-4.1.2/stubdom/newlib-1.16.0/missing --run aclocal-1.9'
AMDEPBACKSLASH='\'
AMDEP_FALSE='#'
AMDEP_TRUE=''
AMTAR='${SHELL} /usr/src/xen_build_from_xen_source/xen-4.1.2/stubdom/newlib-1.16.0/missing --run tar'
AR='ar'
AS='i686-xen-elf-as'
AUTOCONF='${SHELL} /usr/src/xen_build_from_xen_source/xen-4.1.2/stubdom/newlib-1.16.0/missing --run autoconf'
AUTOHEADER='${SHELL} /usr/src/xen_build_from_xen_source/xen-4.1.2/stubdom/newlib-1.16.0/missing --run autoheader'
AUTOMAKE='${SHELL} /usr/src/xen_build_from_xen_source/xen-4.1.2/stubdom/newlib-1.16.0/missing --run automake-1.9'
AWK='gawk'
CC='gcc -isystem /usr/src/xen_build_from_xen_source/xen-4.1.2/stubdom/../extras/mini-os/include -D__MINIOS__ -DHAVE_LIBC -isystem /usr/src/xen_build_from_xen_source/xen-4.1.2/stubdom/../extras/mini-os/include/posix -isystem /usr/src/xen_build_from_xen_source/xen-4.1.2/stubdom/../tools/xenstore  -isystem /usr/src/xen_build_from_xen_source/xen-4.1.2/stubdom/../extras/mini-os/include/x86 -isystem /usr/src/xen_build_from_xen_source/xen-4.1.2/stubdom/../extras/mini-os/include/x86/x86_32 -U __linux__ -U __FreeBSD__ -U __sun__ -nostdinc -isystem /usr/src/xen_build_from_xen_source/xen-4.1.2/stubdom/../extras/mini-os/include/posix -isystem /usr/src/xen_build_from_xen_source/xen-4.1.2/stubdom/cross-root-i686/i686-xen-elf/include -isystem /usr/lib/gcc/x86_64-linux-gnu/4.6/include -isystem /usr/src/xen_build_from_xen_source/xen-4.1.2/stubdom/lwip-x86_32/src/include -isystem /usr/src/xen_build_from_xen_source/xen-4.1.2/stubdom/lwip-x86_32/src/include/ipv4 -I/usr/src/xen_build_from_xen_source/xen-4.1.2/stubdom/include -I/usr/src/xen_build_from_xen_source/xen-4.1.2/stubdom/../xen/include  -O1 -fno-omit-frame-pointer -fno-optimize-sibling-calls  -m32 -march=i686 -m32 -march=i686 -g -fno-strict-aliasing -std=gnu99 -Wall -Wstrict-prototypes -Wno-unused-value -Wdeclaration-after-statement -Wno-unused-but-set-variable  -fno-stack-protector -fno-exceptions -D_I386MACH_ALLOW_HW_INTERRUPTS -B/usr/src/xen_build_from_xen_source/xen-4.1.2/stubdom/newlib-x86_32/i686-xen-elf/newlib/ -isystem /usr/src/xen_build_from_xen_source/xen-4.1.2/stubdom/newlib-x86_32/i686-xen-elf/newlib/targ-include -isystem /usr/src/xen_build_from_xen_source/xen-4.1.2/stubdom/newlib-1.16.0/newlib/libc/include -B/usr/src/xen_build_from_xen_source/xen-4.1.2/stubdom/newlib-x86_32/i686-xen-elf/libgloss/i386 -L/usr/src/xen_build_from_xen_source/xen-4.1.2/stubdom/newlib-x86_32/i686-xen-elf/libgloss/libnosys -L/usr/src/xen_build_from_xen_source/xen-4.1.2/stubdom/newlib-1.16.0/libgloss/i386'
CCAS='gcc -isystem /usr/src/xen_build_from_xen_source/xen-4.1.2/stubdom/../extras/mini-os/include -D__MINIOS__ -DHAVE_LIBC -isystem /usr/src/xen_build_from_xen_source/xen-4.1.2/stubdom/../extras/mini-os/include/posix -isystem /usr/src/xen_build_from_xen_source/xen-4.1.2/stubdom/../tools/xenstore  -isystem /usr/src/xen_build_from_xen_source/xen-4.1.2/stubdom/../extras/mini-os/include/x86 -isystem /usr/src/xen_build_from_xen_source/xen-4.1.2/stubdom/../extras/mini-os/include/x86/x86_32 -U __linux__ -U __FreeBSD__ -U __sun__ -nostdinc -isystem /usr/src/xen_build_from_xen_source/xen-4.1.2/stubdom/../extras/mini-os/include/posix -isystem /usr/src/xen_build_from_xen_source/xen-4.1.2/stubdom/cross-root-i686/i686-xen-elf/include -isystem /usr/lib/gcc/x86_64-linux-gnu/4.6/include -isystem /usr/src/xen_build_from_xen_source/xen-4.1.2/stubdom/lwip-x86_32/src/include -isystem /usr/src/xen_build_from_xen_source/xen-4.1.2/stubdom/lwip-x86_32/src/include/ipv4 -I/usr/src/xen_build_from_xen_source/xen-4.1.2/stubdom/include -I/usr/src/xen_build_from_xen_source/xen-4.1.2/stubdom/../xen/include  -O1 -fno-omit-frame-pointer -fno-optimize-sibling-calls  -m32 -march=i686 -m32 -march=i686 -g -fno-strict-aliasing -std=gnu99 -Wall -Wstrict-prototypes -Wno-unused-value -Wdeclaration-after-statement -Wno-unused-but-set-variable  -fno-stack-protector -fno-exceptions -D_I386MACH_ALLOW_HW_INTERRUPTS -B/usr/src/xen_build_from_xen_source/xen-4.1.2/stubdom/newlib-x86_32/i686-xen-elf/newlib/ -isystem /usr/src/xen_build_from_xen_source/xen-4.1.2/stubdom/newlib-x86_32/i686-xen-elf/newlib/targ-include -isystem /usr/src/xen_build_from_xen_source/xen-4.1.2/stubdom/newlib-1.16.0/newlib/libc/include -B/usr/src/xen_build_from_xen_source/xen-4.1.2/stubdom/newlib-x86_32/i686-xen-elf/libgloss/i386 -L/usr/src/xen_build_from_xen_source/xen-4.1.2/stubdom/newlib-x86_32/i686-xen-elf/libgloss/libnosys -L/usr/src/xen_build_from_xen_source/xen-4.1.2/stubdom/newlib-1.16.0/libgloss/i386'
CCASFLAGS=''
CCDEPMODE='depmode=gcc3'
CC_FOR_BUILD='gcc'
CC_FOR_NEWLIB='gcc -isystem /usr/src/xen_build_from_xen_source/xen-4.1.2/stubdom/../extras/mini-os/include -D__MINIOS__ -DHAVE_LIBC -isystem /usr/src/xen_build_from_xen_source/xen-4.1.2/stubdom/../extras/mini-os/include/posix -isystem /usr/src/xen_build_from_xen_source/xen-4.1.2/stubdom/../tools/xenstore  -isystem /usr/src/xen_build_from_xen_source/xen-4.1.2/stubdom/../extras/mini-os/include/x86 -isystem /usr/src/xen_build_from_xen_source/xen-4.1.2/stubdom/../extras/mini-os/include/x86/x86_32 -U __linux__ -U __FreeBSD__ -U __sun__ -nostdinc -isystem /usr/src/xen_build_from_xen_source/xen-4.1.2/stubdom/../extras/mini-os/include/posix -isystem /usr/src/xen_build_from_xen_source/xen-4.1.2/stubdom/cross-root-i686/i686-xen-elf/include -isystem /usr/lib/gcc/x86_64-linux-gnu/4.6/include -isystem /usr/src/xen_build_from_xen_source/xen-4.1.2/stubdom/lwip-x86_32/src/include -isystem /usr/src/xen_build_from_xen_source/xen-4.1.2/stubdom/lwip-x86_32/src/include/ipv4 -I/usr/src/xen_build_from_xen_source/xen-4.1.2/stubdom/include -I/usr/src/xen_build_from_xen_source/xen-4.1.2/stubdom/../xen/include  -O1 -fno-omit-frame-pointer -fno-optimize-sibling-calls  -m32 -march=i686 -m32 -march=i686 -g -fno-strict-aliasing -std=gnu99 -Wall -Wstrict-prototypes -Wno-unused-value -Wdeclaration-after-statement -Wno-unused-but-set-variable  -fno-stack-protector -fno-exceptions -D_I386MACH_ALLOW_HW_INTERRUPTS -B/usr/src/xen_build_from_xen_source/xen-4.1.2/stubdom/newlib-x86_32/i686-xen-elf/newlib/ -isystem /usr/src/xen_build_from_xen_source/xen-4.1.2/stubdom/newlib-x86_32/i686-xen-elf/newlib/targ-include -isystem /usr/src/xen_build_from_xen_source/xen-4.1.2/stubdom/newlib-1.16.0/newlib/libc/include -B/usr/src/xen_build_from_xen_source/xen-4.1.2/stubdom/newlib-x86_32/i686-xen-elf/libgloss/i386 -L/usr/src/xen_build_from_xen_source/xen-4.1.2/stubdom/newlib-x86_32/i686-xen-elf/libgloss/libnosys -L/usr/src/xen_build_from_xen_source/xen-4.1.2/stubdom/newlib-1.16.0/libgloss/i386'
CFLAGS=''
CPP=''
CPPFLAGS=''
CRT0=''
CRT0_DIR=''
CRT1=''
CRT1_DIR=''
CYGPATH_W='echo'
DEFS='-DHAVE_CONFIG_H'
DEPDIR='.deps'
DLLTOOL='i686-xen-elf-dlltool'
DUMPBIN=''
ECHO_C=''
ECHO_N='-n'
ECHO_T=''
EGREP=''
ELIX_LEVEL_0_FALSE='#'
ELIX_LEVEL_0_TRUE=''
ELIX_LEVEL_1_FALSE=''
ELIX_LEVEL_1_TRUE='#'
ELIX_LEVEL_2_FALSE=''
ELIX_LEVEL_2_TRUE='#'
ELIX_LEVEL_3_FALSE=''
ELIX_LEVEL_3_TRUE='#'
ELIX_LEVEL_4_FALSE=''
ELIX_LEVEL_4_TRUE='#'
EXEEXT=''
EXTRA_DIRS=''
FGREP=''
GREP=''
HAVE_DOC_FALSE='#'
HAVE_DOC_TRUE=''
INSTALL_DATA='/usr/bin/install -c -m 644'
INSTALL_PROGRAM='/usr/bin/install -c'
INSTALL_SCRIPT='/usr/bin/install -c'
INSTALL_STRIP_PROGRAM='${SHELL} $(install_sh) -c -s'
LD='ld'
LDFLAGS=''
LIBM_MACHINE_OBJECTLIST='libm/machine/i386/objectlist.awk.in'
LIBOBJS=''
LIBS=''
LIBTOOL=''
LN_S=''
LTLIBOBJS=''
MACHINE_OBJECTLIST='libc/machine/i386/objectlist.awk.in'
MAINT='#'
MAINTAINER_MODE_FALSE=''
MAINTAINER_MODE_TRUE='#'
MAKEINFO='makeinfo --split-size=5000000'
MAY_SUPPLY_SYSCALLS_FALSE='#'
MAY_SUPPLY_SYSCALLS_TRUE=''
NEWLIB_CFLAGS=' -O2 -DMISSING_SYSCALL_NAMES -fno-builtin'
NEWLIB_HW_FP_FALSE=''
NEWLIB_HW_FP_TRUE='#'
NM='i686-xen-elf-nm'
OBJDUMP='i686-xen-elf-objdump'
OBJEXT='o'
PACKAGE='newlib'
PACKAGE_BUGREPORT=''
PACKAGE_NAME='newlib'
PACKAGE_STRING='newlib 1.16.0'
PACKAGE_TARNAME='newlib'
PACKAGE_VERSION='1.16.0'
PATH_SEPARATOR=':'
POSIX_OBJECTLIST=''
RANLIB='ranlib'
READELF='readelf'
SED='/bin/sed'
SET_MAKE=''
SHELL='/bin/bash'
SIGNAL_OBJECTLIST='libc/signal/objectlist.awk.in'
STDIO64_OBJECTLIST='libc/stdio64/objectlist.awk.in'
STRIP='i686-xen-elf-strip'
SYSCALL_OBJECTLIST=''
SYS_MACH_OBJECTLIST=''
SYS_OBJECTLIST=''
UNIX_OBJECTLIST=''
USE_LIBTOOL_FALSE=''
USE_LIBTOOL_TRUE='#'
VERSION='1.16.0'
ac_ct_CC=''
ac_ct_DUMPBIN=''
aext='a'
am__fastdepCC_FALSE='#'
am__fastdepCC_TRUE=''
am__include='include'
am__leading_dot='.'
am__quote=''
am__tar='${AMTAR} chof - "$$tardir"'
am__untar='${AMTAR} xf -'
bindir='${exec_prefix}/bin'
build='x86_64-unknown-linux-gnu'
build_alias='x86_64-unknown-linux-gnu'
build_cpu='x86_64'
build_os='linux-gnu'
build_vendor='unknown'
datadir='${datarootdir}'
datarootdir='${prefix}/share'
docdir='${datarootdir}/doc/${PACKAGE_TARNAME}'
dvidir='${docdir}'
exec_prefix='${prefix}'
host='i686-xen-elf'
host_alias='i686-xen-elf'
host_cpu='i686'
host_os='elf'
host_vendor='xen'
htmldir='${docdir}'
includedir='${prefix}/include'
infodir='${datarootdir}/info'
install_sh='/usr/src/xen_build_from_xen_source/xen-4.1.2/stubdom/newlib-1.16.0/install-sh'
libc_cv_array_aliasing='no'
libc_cv_initfinit_array='yes'
libdir='${exec_prefix}/lib'
libexecdir='${exec_prefix}/libexec'
libm_machine_dir='i386'
localedir='${datarootdir}/locale'
localstatedir='${prefix}/var'
lpfx='lib_a-'
lt_ECHO='echo'
machine_dir='i386'
mandir='${datarootdir}/man'
mkdir_p='mkdir -p --'
newlib_basedir='../../../newlib-1.16.0/newlib/.'
oext='o'
oldincludedir='/usr/include'
pdfdir='${docdir}'
prefix='/usr/src/xen_build_from_xen_source/xen-4.1.2/stubdom/cross-root-i686'
program_transform_name='s,^,i686-xen-elf-,'
psdir='${docdir}'
sbindir='${exec_prefix}/sbin'
sharedstatedir='${prefix}/com'
subdirs=' libc libm doc'
sys_dir=''
sysconfdir='${prefix}/etc'
target_alias='i686-xen-elf'

## ----------- ##
## confdefs.h. ##
## ----------- ##

#define PACKAGE_NAME "newlib"
#define PACKAGE_TARNAME "newlib"
#define PACKAGE_VERSION "1.16.0"
#define PACKAGE_STRING "newlib 1.16.0"
#define PACKAGE_BUGREPORT ""
#define _WANT_IO_LONG_LONG 1
#define _MB_LEN_MAX 1
#define _NEWLIB_VERSION "1.16.0"
#define _ATEXIT_DYNAMIC_ALLOC 1
#define HAVE_INITFINI_ARRAY 1

configure: exit 0
