This file contains any messages produced by compilers while
running configure, to aid debugging if configure makes a mistake.

It was created by newlib configure 1.16.0, which was
generated by GNU Autoconf 2.61.  Invocation command line was

  $ ../../../../newlib-1.16.0/newlib/doc/configure --prefix=/usr/src/xen_build_from_xen_source/xen-4.1.2/stubdom/cross-root-x86_64 --with-newlib --with-cross-host=x86_64-unknown-linux-gnu --verbose --target=x86_64-xen-elf --enable-newlib-io-long-long --disable-multilib --program-transform-name=s,^,x86_64-xen-elf-, --with-target-subdir=x86_64-xen-elf --build=x86_64-unknown-linux-gnu --host=x86_64-xen-elf --target=x86_64-xen-elf build_alias=x86_64-unknown-linux-gnu host_alias=x86_64-xen-elf target_alias=x86_64-xen-elf CC=gcc -isystem /usr/src/xen_build_from_xen_source/xen-4.1.2/stubdom/../extras/mini-os/include -D__MINIOS__ -DHAVE_LIBC -isystem /usr/src/xen_build_from_xen_source/xen-4.1.2/stubdom/../extras/mini-os/include/posix -isystem /usr/src/xen_build_from_xen_source/xen-4.1.2/stubdom/../tools/xenstore  -isystem /usr/src/xen_build_from_xen_source/xen-4.1.2/stubdom/../extras/mini-os/include/x86 -isystem /usr/src/xen_build_from_xen_source/xen-4.1.2/stubdom/../extras/mini-os/include/x86/x86_64 -U __linux__ -U __FreeBSD__ -U __sun__ -nostdinc -isystem /usr/src/xen_build_from_xen_source/xen-4.1.2/stubdom/../extras/mini-os/include/posix -isystem /usr/src/xen_build_from_xen_source/xen-4.1.2/stubdom/cross-root-x86_64/x86_64-xen-elf/include -isystem /usr/lib/gcc/x86_64-linux-gnu/4.6/include -isystem /usr/src/xen_build_from_xen_source/xen-4.1.2/stubdom/lwip-x86_64/src/include -isystem /usr/src/xen_build_from_xen_source/xen-4.1.2/stubdom/lwip-x86_64/src/include/ipv4 -I/usr/src/xen_build_from_xen_source/xen-4.1.2/stubdom/include -I/usr/src/xen_build_from_xen_source/xen-4.1.2/stubdom/../xen/include -mno-red-zone -O1 -fno-omit-frame-pointer -fno-optimize-sibling-calls  -m64 -mno-red-zone -fno-reorder-blocks -fno-asynchronous-unwind-tables -m64 -g -fno-strict-aliasing -std=gnu99 -Wall -Wstrict-prototypes -Wno-unused-value -Wdeclaration-after-statement -Wno-unused-but-set-variable  -fno-stack-protector -fno-exceptions -D_I386MACH_ALLOW_HW_INTERRUPTS -B/usr/src/xen_build_from_xen_source/xen-4.1.2/stubdom/newlib-x86_64/x86_64-xen-elf/newlib/ -isystem /usr/src/xen_build_from_xen_source/xen-4.1.2/stubdom/newlib-x86_64/x86_64-xen-elf/newlib/targ-include -isystem /usr/src/xen_build_from_xen_source/xen-4.1.2/stubdom/newlib-1.16.0/newlib/libc/include -B/usr/src/xen_build_from_xen_source/xen-4.1.2/stubdom/newlib-x86_64/x86_64-xen-elf/libgloss/x86_64 -L/usr/src/xen_build_from_xen_source/xen-4.1.2/stubdom/newlib-x86_64/x86_64-xen-elf/libgloss/libnosys -L/usr/src/xen_build_from_xen_source/xen-4.1.2/stubdom/newlib-1.16.0/libgloss/x86_64 CFLAGS=-O2 -g -g -O2   LDFLAGS= CPPFLAGS= --cache-file=.././config.cache --srcdir=../../../../newlib-1.16.0/newlib/doc

## --------- ##
## Platform. ##
## --------- ##

hostname = node0301
uname -m = x86_64
uname -r = 3.1.0-1-amd64
uname -s = Linux
uname -v = #1 SMP Tue Jan 10 05:01:58 UTC 2012

/usr/bin/uname -p = unknown
/bin/uname -X     = unknown

/bin/arch              = unknown
/usr/bin/arch -k       = unknown
/usr/convex/getsysinfo = unknown
/usr/bin/hostinfo      = unknown
/bin/machine           = unknown
/usr/bin/oslevel       = unknown
/bin/universe          = unknown

PATH: /usr/local/sbin
PATH: /usr/local/bin
PATH: /usr/sbin
PATH: /usr/bin
PATH: /sbin
PATH: /bin
PATH: /opt/dell/srvadmin/bin
PATH: /opt/dell/srvadmin/sbin
PATH: /opt/dell/srvadmin/sbin


## ----------- ##
## Core tests. ##
## ----------- ##

configure:1632: loading cache .././config.cache
configure:1766: checking build system type
configure:1784: result: x86_64-unknown-linux-gnu
configure:1820: checking for a BSD-compatible install
configure:1876: result: /usr/bin/install -c
configure:1887: checking whether build environment is sane
configure:1930: result: yes
configure:1995: checking for gawk
configure:2022: result: gawk
configure:2033: checking whether make sets $(MAKE)
configure:2054: result: yes
configure:2084: checking for style of include used by make
configure:2112: result: GNU
configure:2272: checking host system type
configure:2287: result: x86_64-xen-elf
configure:2359: checking for x86_64-xen-elf-strip
configure:2386: result: x86_64-xen-elf-strip
configure:2482: checking for gcc
configure:2509: result: gcc -isystem /usr/src/xen_build_from_xen_source/xen-4.1.2/stubdom/../extras/mini-os/include -D__MINIOS__ -DHAVE_LIBC -isystem /usr/src/xen_build_from_xen_source/xen-4.1.2/stubdom/../extras/mini-os/include/posix -isystem /usr/src/xen_build_from_xen_source/xen-4.1.2/stubdom/../tools/xenstore  -isystem /usr/src/xen_build_from_xen_source/xen-4.1.2/stubdom/../extras/mini-os/include/x86 -isystem /usr/src/xen_build_from_xen_source/xen-4.1.2/stubdom/../extras/mini-os/include/x86/x86_64 -U __linux__ -U __FreeBSD__ -U __sun__ -nostdinc -isystem /usr/src/xen_build_from_xen_source/xen-4.1.2/stubdom/../extras/mini-os/include/posix -isystem /usr/src/xen_build_from_xen_source/xen-4.1.2/stubdom/cross-root-x86_64/x86_64-xen-elf/include -isystem /usr/lib/gcc/x86_64-linux-gnu/4.6/include -isystem /usr/src/xen_build_from_xen_source/xen-4.1.2/stubdom/lwip-x86_64/src/include -isystem /usr/src/xen_build_from_xen_source/xen-4.1.2/stubdom/lwip-x86_64/src/include/ipv4 -I/usr/src/xen_build_from_xen_source/xen-4.1.2/stubdom/include -I/usr/src/xen_build_from_xen_source/xen-4.1.2/stubdom/../xen/include -mno-red-zone -O1 -fno-omit-frame-pointer -fno-optimize-sibling-calls  -m64 -mno-red-zone -fno-reorder-blocks -fno-asynchronous-unwind-tables -m64 -g -fno-strict-aliasing -std=gnu99 -Wall -Wstrict-prototypes -Wno-unused-value -Wdeclaration-after-statement -Wno-unused-but-set-variable  -fno-stack-protector -fno-exceptions -D_I386MACH_ALLOW_HW_INTERRUPTS -B/usr/src/xen_build_from_xen_source/xen-4.1.2/stubdom/newlib-x86_64/x86_64-xen-elf/newlib/ -isystem /usr/src/xen_build_from_xen_source/xen-4.1.2/stubdom/newlib-x86_64/x86_64-xen-elf/newlib/targ-include -isystem /usr/src/xen_build_from_xen_source/xen-4.1.2/stubdom/newlib-1.16.0/newlib/libc/include -B/usr/src/xen_build_from_xen_source/xen-4.1.2/stubdom/newlib-x86_64/x86_64-xen-elf/libgloss/x86_64 -L/usr/src/xen_build_from_xen_source/xen-4.1.2/stubdom/newlib-x86_64/x86_64-xen-elf/libgloss/libnosys -L/usr/src/xen_build_from_xen_source/xen-4.1.2/stubdom/newlib-1.16.0/libgloss/x86_64
configure:2520: checking dependency style of gcc -isystem /usr/src/xen_build_from_xen_source/xen-4.1.2/stubdom/../extras/mini-os/include -D__MINIOS__ -DHAVE_LIBC -isystem /usr/src/xen_build_from_xen_source/xen-4.1.2/stubdom/../extras/mini-os/include/posix -isystem /usr/src/xen_build_from_xen_source/xen-4.1.2/stubdom/../tools/xenstore  -isystem /usr/src/xen_build_from_xen_source/xen-4.1.2/stubdom/../extras/mini-os/include/x86 -isystem /usr/src/xen_build_from_xen_source/xen-4.1.2/stubdom/../extras/mini-os/include/x86/x86_64 -U __linux__ -U __FreeBSD__ -U __sun__ -nostdinc -isystem /usr/src/xen_build_from_xen_source/xen-4.1.2/stubdom/../extras/mini-os/include/posix -isystem /usr/src/xen_build_from_xen_source/xen-4.1.2/stubdom/cross-root-x86_64/x86_64-xen-elf/include -isystem /usr/lib/gcc/x86_64-linux-gnu/4.6/include -isystem /usr/src/xen_build_from_xen_source/xen-4.1.2/stubdom/lwip-x86_64/src/include -isystem /usr/src/xen_build_from_xen_source/xen-4.1.2/stubdom/lwip-x86_64/src/include/ipv4 -I/usr/src/xen_build_from_xen_source/xen-4.1.2/stubdom/include -I/usr/src/xen_build_from_xen_source/xen-4.1.2/stubdom/../xen/include -mno-red-zone -O1 -fno-omit-frame-pointer -fno-optimize-sibling-calls  -m64 -mno-red-zone -fno-reorder-blocks -fno-asynchronous-unwind-tables -m64 -g -fno-strict-aliasing -std=gnu99 -Wall -Wstrict-prototypes -Wno-unused-value -Wdeclaration-after-statement -Wno-unused-but-set-variable  -fno-stack-protector -fno-exceptions -D_I386MACH_ALLOW_HW_INTERRUPTS -B/usr/src/xen_build_from_xen_source/xen-4.1.2/stubdom/newlib-x86_64/x86_64-xen-elf/newlib/ -isystem /usr/src/xen_build_from_xen_source/xen-4.1.2/stubdom/newlib-x86_64/x86_64-xen-elf/newlib/targ-include -isystem /usr/src/xen_build_from_xen_source/xen-4.1.2/stubdom/newlib-1.16.0/newlib/libc/include -B/usr/src/xen_build_from_xen_source/xen-4.1.2/stubdom/newlib-x86_64/x86_64-xen-elf/libgloss/x86_64 -L/usr/src/xen_build_from_xen_source/xen-4.1.2/stubdom/newlib-x86_64/x86_64-xen-elf/libgloss/libnosys -L/usr/src/xen_build_from_xen_source/xen-4.1.2/stubdom/newlib-1.16.0/libgloss/x86_64
configure:2610: result: gcc3
configure:2687: checking whether we are using GNU C
configure:2708: result: yes
configure:2718: checking whether gcc -isystem /usr/src/xen_build_from_xen_source/xen-4.1.2/stubdom/../extras/mini-os/include -D__MINIOS__ -DHAVE_LIBC -isystem /usr/src/xen_build_from_xen_source/xen-4.1.2/stubdom/../extras/mini-os/include/posix -isystem /usr/src/xen_build_from_xen_source/xen-4.1.2/stubdom/../tools/xenstore  -isystem /usr/src/xen_build_from_xen_source/xen-4.1.2/stubdom/../extras/mini-os/include/x86 -isystem /usr/src/xen_build_from_xen_source/xen-4.1.2/stubdom/../extras/mini-os/include/x86/x86_64 -U __linux__ -U __FreeBSD__ -U __sun__ -nostdinc -isystem /usr/src/xen_build_from_xen_source/xen-4.1.2/stubdom/../extras/mini-os/include/posix -isystem /usr/src/xen_build_from_xen_source/xen-4.1.2/stubdom/cross-root-x86_64/x86_64-xen-elf/include -isystem /usr/lib/gcc/x86_64-linux-gnu/4.6/include -isystem /usr/src/xen_build_from_xen_source/xen-4.1.2/stubdom/lwip-x86_64/src/include -isystem /usr/src/xen_build_from_xen_source/xen-4.1.2/stubdom/lwip-x86_64/src/include/ipv4 -I/usr/src/xen_build_from_xen_source/xen-4.1.2/stubdom/include -I/usr/src/xen_build_from_xen_source/xen-4.1.2/stubdom/../xen/include -mno-red-zone -O1 -fno-omit-frame-pointer -fno-optimize-sibling-calls  -m64 -mno-red-zone -fno-reorder-blocks -fno-asynchronous-unwind-tables -m64 -g -fno-strict-aliasing -std=gnu99 -Wall -Wstrict-prototypes -Wno-unused-value -Wdeclaration-after-statement -Wno-unused-but-set-variable  -fno-stack-protector -fno-exceptions -D_I386MACH_ALLOW_HW_INTERRUPTS -B/usr/src/xen_build_from_xen_source/xen-4.1.2/stubdom/newlib-x86_64/x86_64-xen-elf/newlib/ -isystem /usr/src/xen_build_from_xen_source/xen-4.1.2/stubdom/newlib-x86_64/x86_64-xen-elf/newlib/targ-include -isystem /usr/src/xen_build_from_xen_source/xen-4.1.2/stubdom/newlib-1.16.0/newlib/libc/include -B/usr/src/xen_build_from_xen_source/xen-4.1.2/stubdom/newlib-x86_64/x86_64-xen-elf/libgloss/x86_64 -L/usr/src/xen_build_from_xen_source/xen-4.1.2/stubdom/newlib-x86_64/x86_64-xen-elf/libgloss/libnosys -L/usr/src/xen_build_from_xen_source/xen-4.1.2/stubdom/newlib-1.16.0/libgloss/x86_64 accepts -g
configure:2853: result: no
configure:2886: checking for x86_64-xen-elf-as
configure:2913: result: x86_64-xen-elf-as
configure:2982: checking for x86_64-xen-elf-ar
configure:3009: result: ar
configure:3078: checking for x86_64-xen-elf-ranlib
configure:3105: result: ranlib
configure:3174: checking for x86_64-xen-elf-readelf
configure:3204: result: no
configure:3214: checking for readelf
configure:3241: result: readelf
configure:3255: WARNING: In the future, Autoconf will not detect cross-tools
whose name does not start with the host triplet.  If you think this
configuration is useful to you, please write to autoconf@gnu.org.
configure:3281: checking for a BSD-compatible install
configure:3337: result: /usr/bin/install -c
configure:3352: checking whether to enable maintainer-specific portions of Makefiles
configure:3361: result: no
configure:3496: checking for build system executable suffix
gcc: error: am_c_test.c: No such file or directory
gcc: fatal error: no input files
compilation terminated.
configure:3511: result: no
configure:3584: updating cache .././config.cache
configure:3720: creating ./config.status

## ---------------------- ##
## Running config.status. ##
## ---------------------- ##

This file was extended by newlib config.status 1.16.0, which was
generated by GNU Autoconf 2.61.  Invocation command line was

  CONFIG_FILES    = 
  CONFIG_HEADERS  = 
  CONFIG_LINKS    = 
  CONFIG_COMMANDS = 
  $ ./config.status 

on node0301

config.status:653: creating Makefile
config.status:831: executing depfiles commands

## ---------------- ##
## Cache variables. ##
## ---------------- ##

ac_cv_build=x86_64-unknown-linux-gnu
ac_cv_c_compiler_gnu=yes
ac_cv_env_CCASFLAGS_set=
ac_cv_env_CCASFLAGS_value=
ac_cv_env_CCAS_set=
ac_cv_env_CCAS_value=
ac_cv_env_CC_set=set
ac_cv_env_CC_value='gcc -isystem /usr/src/xen_build_from_xen_source/xen-4.1.2/stubdom/../extras/mini-os/include -D__MINIOS__ -DHAVE_LIBC -isystem /usr/src/xen_build_from_xen_source/xen-4.1.2/stubdom/../extras/mini-os/include/posix -isystem /usr/src/xen_build_from_xen_source/xen-4.1.2/stubdom/../tools/xenstore  -isystem /usr/src/xen_build_from_xen_source/xen-4.1.2/stubdom/../extras/mini-os/include/x86 -isystem /usr/src/xen_build_from_xen_source/xen-4.1.2/stubdom/../extras/mini-os/include/x86/x86_64 -U __linux__ -U __FreeBSD__ -U __sun__ -nostdinc -isystem /usr/src/xen_build_from_xen_source/xen-4.1.2/stubdom/../extras/mini-os/include/posix -isystem /usr/src/xen_build_from_xen_source/xen-4.1.2/stubdom/cross-root-x86_64/x86_64-xen-elf/include -isystem /usr/lib/gcc/x86_64-linux-gnu/4.6/include -isystem /usr/src/xen_build_from_xen_source/xen-4.1.2/stubdom/lwip-x86_64/src/include -isystem /usr/src/xen_build_from_xen_source/xen-4.1.2/stubdom/lwip-x86_64/src/include/ipv4 -I/usr/src/xen_build_from_xen_source/xen-4.1.2/stubdom/include -I/usr/src/xen_build_from_xen_source/xen-4.1.2/stubdom/../xen/include -mno-red-zone -O1 -fno-omit-frame-pointer -fno-optimize-sibling-calls  -m64 -mno-red-zone -fno-reorder-blocks -fno-asynchronous-unwind-tables -m64 -g -fno-strict-aliasing -std=gnu99 -Wall -Wstrict-prototypes -Wno-unused-value -Wdeclaration-after-statement -Wno-unused-but-set-variable  -fno-stack-protector -fno-exceptions -D_I386MACH_ALLOW_HW_INTERRUPTS -B/usr/src/xen_build_from_xen_source/xen-4.1.2/stubdom/newlib-x86_64/x86_64-xen-elf/newlib/ -isystem /usr/src/xen_build_from_xen_source/xen-4.1.2/stubdom/newlib-x86_64/x86_64-xen-elf/newlib/targ-include -isystem /usr/src/xen_build_from_xen_source/xen-4.1.2/stubdom/newlib-1.16.0/newlib/libc/include -B/usr/src/xen_build_from_xen_source/xen-4.1.2/stubdom/newlib-x86_64/x86_64-xen-elf/libgloss/x86_64 -L/usr/src/xen_build_from_xen_source/xen-4.1.2/stubdom/newlib-x86_64/x86_64-xen-elf/libgloss/libnosys -L/usr/src/xen_build_from_xen_source/xen-4.1.2/stubdom/newlib-1.16.0/libgloss/x86_64'
ac_cv_env_CFLAGS_set=set
ac_cv_env_CFLAGS_value='-O2 -g -g -O2  '
ac_cv_env_CPPFLAGS_set=set
ac_cv_env_CPPFLAGS_value=
ac_cv_env_CPP_set=
ac_cv_env_CPP_value=
ac_cv_env_LDFLAGS_set=set
ac_cv_env_LDFLAGS_value=
ac_cv_env_LIBS_set=
ac_cv_env_LIBS_value=
ac_cv_env_build_alias_set=set
ac_cv_env_build_alias_value=x86_64-unknown-linux-gnu
ac_cv_env_host_alias_set=set
ac_cv_env_host_alias_value=x86_64-xen-elf
ac_cv_env_target_alias_set=set
ac_cv_env_target_alias_value=x86_64-xen-elf
ac_cv_host=x86_64-xen-elf
ac_cv_path_SED=/bin/sed
ac_cv_prog_AR=ar
ac_cv_prog_AS=x86_64-xen-elf-as
ac_cv_prog_AWK=gawk
ac_cv_prog_CC='gcc -isystem /usr/src/xen_build_from_xen_source/xen-4.1.2/stubdom/../extras/mini-os/include -D__MINIOS__ -DHAVE_LIBC -isystem /usr/src/xen_build_from_xen_source/xen-4.1.2/stubdom/../extras/mini-os/include/posix -isystem /usr/src/xen_build_from_xen_source/xen-4.1.2/stubdom/../tools/xenstore  -isystem /usr/src/xen_build_from_xen_source/xen-4.1.2/stubdom/../extras/mini-os/include/x86 -isystem /usr/src/xen_build_from_xen_source/xen-4.1.2/stubdom/../extras/mini-os/include/x86/x86_64 -U __linux__ -U __FreeBSD__ -U __sun__ -nostdinc -isystem /usr/src/xen_build_from_xen_source/xen-4.1.2/stubdom/../extras/mini-os/include/posix -isystem /usr/src/xen_build_from_xen_source/xen-4.1.2/stubdom/cross-root-x86_64/x86_64-xen-elf/include -isystem /usr/lib/gcc/x86_64-linux-gnu/4.6/include -isystem /usr/src/xen_build_from_xen_source/xen-4.1.2/stubdom/lwip-x86_64/src/include -isystem /usr/src/xen_build_from_xen_source/xen-4.1.2/stubdom/lwip-x86_64/src/include/ipv4 -I/usr/src/xen_build_from_xen_source/xen-4.1.2/stubdom/include -I/usr/src/xen_build_from_xen_source/xen-4.1.2/stubdom/../xen/include -mno-red-zone -O1 -fno-omit-frame-pointer -fno-optimize-sibling-calls  -m64 -mno-red-zone -fno-reorder-blocks -fno-asynchronous-unwind-tables -m64 -g -fno-strict-aliasing -std=gnu99 -Wall -Wstrict-prototypes -Wno-unused-value -Wdeclaration-after-statement -Wno-unused-but-set-variable  -fno-stack-protector -fno-exceptions -D_I386MACH_ALLOW_HW_INTERRUPTS -B/usr/src/xen_build_from_xen_source/xen-4.1.2/stubdom/newlib-x86_64/x86_64-xen-elf/newlib/ -isystem /usr/src/xen_build_from_xen_source/xen-4.1.2/stubdom/newlib-x86_64/x86_64-xen-elf/newlib/targ-include -isystem /usr/src/xen_build_from_xen_source/xen-4.1.2/stubdom/newlib-1.16.0/newlib/libc/include -B/usr/src/xen_build_from_xen_source/xen-4.1.2/stubdom/newlib-x86_64/x86_64-xen-elf/libgloss/x86_64 -L/usr/src/xen_build_from_xen_source/xen-4.1.2/stubdom/newlib-x86_64/x86_64-xen-elf/libgloss/libnosys -L/usr/src/xen_build_from_xen_source/xen-4.1.2/stubdom/newlib-1.16.0/libgloss/x86_64'
ac_cv_prog_RANLIB=ranlib
ac_cv_prog_STRIP=x86_64-xen-elf-strip
ac_cv_prog_ac_ct_READELF=readelf
ac_cv_prog_cc_g=no
ac_cv_prog_make_make_set=yes
am_cv_CC_dependencies_compiler_type=gcc3
libc_cv_array_aliasing=no
libc_cv_initfinit_array=yes
lt_cv_path_SED=/bin/sed
newlib_cv_build_exeext=no

## ----------------- ##
## Output variables. ##
## ----------------- ##

ACLOCAL='${SHELL} /usr/src/xen_build_from_xen_source/xen-4.1.2/stubdom/newlib-1.16.0/missing --run aclocal-1.9'
AMDEPBACKSLASH='\'
AMDEP_FALSE='#'
AMDEP_TRUE=''
AMTAR='${SHELL} /usr/src/xen_build_from_xen_source/xen-4.1.2/stubdom/newlib-1.16.0/missing --run tar'
AR='ar'
AS='x86_64-xen-elf-as'
AUTOCONF='${SHELL} /usr/src/xen_build_from_xen_source/xen-4.1.2/stubdom/newlib-1.16.0/missing --run autoconf'
AUTOHEADER='${SHELL} /usr/src/xen_build_from_xen_source/xen-4.1.2/stubdom/newlib-1.16.0/missing --run autoheader'
AUTOMAKE='${SHELL} /usr/src/xen_build_from_xen_source/xen-4.1.2/stubdom/newlib-1.16.0/missing --run automake-1.9'
AWK='gawk'
CC='gcc -isystem /usr/src/xen_build_from_xen_source/xen-4.1.2/stubdom/../extras/mini-os/include -D__MINIOS__ -DHAVE_LIBC -isystem /usr/src/xen_build_from_xen_source/xen-4.1.2/stubdom/../extras/mini-os/include/posix -isystem /usr/src/xen_build_from_xen_source/xen-4.1.2/stubdom/../tools/xenstore  -isystem /usr/src/xen_build_from_xen_source/xen-4.1.2/stubdom/../extras/mini-os/include/x86 -isystem /usr/src/xen_build_from_xen_source/xen-4.1.2/stubdom/../extras/mini-os/include/x86/x86_64 -U __linux__ -U __FreeBSD__ -U __sun__ -nostdinc -isystem /usr/src/xen_build_from_xen_source/xen-4.1.2/stubdom/../extras/mini-os/include/posix -isystem /usr/src/xen_build_from_xen_source/xen-4.1.2/stubdom/cross-root-x86_64/x86_64-xen-elf/include -isystem /usr/lib/gcc/x86_64-linux-gnu/4.6/include -isystem /usr/src/xen_build_from_xen_source/xen-4.1.2/stubdom/lwip-x86_64/src/include -isystem /usr/src/xen_build_from_xen_source/xen-4.1.2/stubdom/lwip-x86_64/src/include/ipv4 -I/usr/src/xen_build_from_xen_source/xen-4.1.2/stubdom/include -I/usr/src/xen_build_from_xen_source/xen-4.1.2/stubdom/../xen/include -mno-red-zone -O1 -fno-omit-frame-pointer -fno-optimize-sibling-calls  -m64 -mno-red-zone -fno-reorder-blocks -fno-asynchronous-unwind-tables -m64 -g -fno-strict-aliasing -std=gnu99 -Wall -Wstrict-prototypes -Wno-unused-value -Wdeclaration-after-statement -Wno-unused-but-set-variable  -fno-stack-protector -fno-exceptions -D_I386MACH_ALLOW_HW_INTERRUPTS -B/usr/src/xen_build_from_xen_source/xen-4.1.2/stubdom/newlib-x86_64/x86_64-xen-elf/newlib/ -isystem /usr/src/xen_build_from_xen_source/xen-4.1.2/stubdom/newlib-x86_64/x86_64-xen-elf/newlib/targ-include -isystem /usr/src/xen_build_from_xen_source/xen-4.1.2/stubdom/newlib-1.16.0/newlib/libc/include -B/usr/src/xen_build_from_xen_source/xen-4.1.2/stubdom/newlib-x86_64/x86_64-xen-elf/libgloss/x86_64 -L/usr/src/xen_build_from_xen_source/xen-4.1.2/stubdom/newlib-x86_64/x86_64-xen-elf/libgloss/libnosys -L/usr/src/xen_build_from_xen_source/xen-4.1.2/stubdom/newlib-1.16.0/libgloss/x86_64'
CCAS='gcc -isystem /usr/src/xen_build_from_xen_source/xen-4.1.2/stubdom/../extras/mini-os/include -D__MINIOS__ -DHAVE_LIBC -isystem /usr/src/xen_build_from_xen_source/xen-4.1.2/stubdom/../extras/mini-os/include/posix -isystem /usr/src/xen_build_from_xen_source/xen-4.1.2/stubdom/../tools/xenstore  -isystem /usr/src/xen_build_from_xen_source/xen-4.1.2/stubdom/../extras/mini-os/include/x86 -isystem /usr/src/xen_build_from_xen_source/xen-4.1.2/stubdom/../extras/mini-os/include/x86/x86_64 -U __linux__ -U __FreeBSD__ -U __sun__ -nostdinc -isystem /usr/src/xen_build_from_xen_source/xen-4.1.2/stubdom/../extras/mini-os/include/posix -isystem /usr/src/xen_build_from_xen_source/xen-4.1.2/stubdom/cross-root-x86_64/x86_64-xen-elf/include -isystem /usr/lib/gcc/x86_64-linux-gnu/4.6/include -isystem /usr/src/xen_build_from_xen_source/xen-4.1.2/stubdom/lwip-x86_64/src/include -isystem /usr/src/xen_build_from_xen_source/xen-4.1.2/stubdom/lwip-x86_64/src/include/ipv4 -I/usr/src/xen_build_from_xen_source/xen-4.1.2/stubdom/include -I/usr/src/xen_build_from_xen_source/xen-4.1.2/stubdom/../xen/include -mno-red-zone -O1 -fno-omit-frame-pointer -fno-optimize-sibling-calls  -m64 -mno-red-zone -fno-reorder-blocks -fno-asynchronous-unwind-tables -m64 -g -fno-strict-aliasing -std=gnu99 -Wall -Wstrict-prototypes -Wno-unused-value -Wdeclaration-after-statement -Wno-unused-but-set-variable  -fno-stack-protector -fno-exceptions -D_I386MACH_ALLOW_HW_INTERRUPTS -B/usr/src/xen_build_from_xen_source/xen-4.1.2/stubdom/newlib-x86_64/x86_64-xen-elf/newlib/ -isystem /usr/src/xen_build_from_xen_source/xen-4.1.2/stubdom/newlib-x86_64/x86_64-xen-elf/newlib/targ-include -isystem /usr/src/xen_build_from_xen_source/xen-4.1.2/stubdom/newlib-1.16.0/newlib/libc/include -B/usr/src/xen_build_from_xen_source/xen-4.1.2/stubdom/newlib-x86_64/x86_64-xen-elf/libgloss/x86_64 -L/usr/src/xen_build_from_xen_source/xen-4.1.2/stubdom/newlib-x86_64/x86_64-xen-elf/libgloss/libnosys -L/usr/src/xen_build_from_xen_source/xen-4.1.2/stubdom/newlib-1.16.0/libgloss/x86_64'
CCASFLAGS=''
CCDEPMODE='depmode=gcc3'
CC_FOR_BUILD='gcc'
CYGPATH_W='echo'
DEFS='-DPACKAGE_NAME=\"newlib\" -DPACKAGE_TARNAME=\"newlib\" -DPACKAGE_VERSION=\"1.16.0\" -DPACKAGE_STRING=\"newlib\ 1.16.0\" -DPACKAGE_BUGREPORT=\"\"'
DEPDIR='.deps'
ECHO_C=''
ECHO_N='-n'
ECHO_T=''
ELIX_LEVEL_0_FALSE='#'
ELIX_LEVEL_0_TRUE=''
ELIX_LEVEL_1_FALSE=''
ELIX_LEVEL_1_TRUE='#'
ELIX_LEVEL_2_FALSE=''
ELIX_LEVEL_2_TRUE='#'
ELIX_LEVEL_3_FALSE=''
ELIX_LEVEL_3_TRUE='#'
ELIX_LEVEL_4_FALSE=''
ELIX_LEVEL_4_TRUE='#'
EXEEXT_FOR_BUILD=''
INSTALL_DATA='/usr/bin/install -c -m 644'
INSTALL_PROGRAM='/usr/bin/install -c'
INSTALL_SCRIPT='/usr/bin/install -c'
INSTALL_STRIP_PROGRAM='${SHELL} $(install_sh) -c -s'
LDFLAGS=''
LIBOBJS=''
LIBS=''
LTLIBOBJS=''
MAINT='#'
MAINTAINER_MODE_FALSE=''
MAINTAINER_MODE_TRUE='#'
MAKEINFO='makeinfo --split-size=5000000'
MAY_SUPPLY_SYSCALLS_FALSE='#'
MAY_SUPPLY_SYSCALLS_TRUE=''
NEWLIB_CFLAGS=' -O2 -DMISSING_SYSCALL_NAMES -fno-builtin'
OBJEXT='o'
PACKAGE='newlib'
PACKAGE_BUGREPORT=''
PACKAGE_NAME='newlib'
PACKAGE_STRING='newlib 1.16.0'
PACKAGE_TARNAME='newlib'
PACKAGE_VERSION='1.16.0'
PATH_SEPARATOR=':'
RANLIB='ranlib'
READELF='readelf'
SET_MAKE=''
SHELL='/bin/bash'
STRIP='x86_64-xen-elf-strip'
USE_LIBTOOL_FALSE=''
USE_LIBTOOL_TRUE='#'
VERSION='1.16.0'
aext='a'
am__fastdepCC_FALSE='#'
am__fastdepCC_TRUE=''
am__include='include'
am__leading_dot='.'
am__quote=''
am__tar='${AMTAR} chof - "$$tardir"'
am__untar='${AMTAR} xf -'
bindir='${exec_prefix}/bin'
build='x86_64-unknown-linux-gnu'
build_alias='x86_64-unknown-linux-gnu'
build_cpu='x86_64'
build_os='linux-gnu'
build_vendor='unknown'
datadir='${datarootdir}'
datarootdir='${prefix}/share'
docdir='${datarootdir}/doc/${PACKAGE_TARNAME}'
dvidir='${docdir}'
exec_prefix='${prefix}'
host='x86_64-xen-elf'
host_alias='x86_64-xen-elf'
host_cpu='x86_64'
host_os='elf'
host_vendor='xen'
htmldir='${docdir}'
includedir='${prefix}/include'
infodir='${datarootdir}/info'
install_sh='/usr/src/xen_build_from_xen_source/xen-4.1.2/stubdom/newlib-1.16.0/install-sh'
libdir='${exec_prefix}/lib'
libexecdir='${exec_prefix}/libexec'
libm_machine_dir=''
localedir='${datarootdir}/locale'
localstatedir='${prefix}/var'
lpfx='lib_a-'
machine_dir='x86_64'
mandir='${datarootdir}/man'
mkdir_p='mkdir -p --'
newlib_basedir='../../../../newlib-1.16.0/newlib/doc/..'
oext='o'
oldincludedir='/usr/include'
pdfdir='${docdir}'
prefix='/usr/src/xen_build_from_xen_source/xen-4.1.2/stubdom/cross-root-x86_64'
program_transform_name='s,^,x86_64-xen-elf-,'
psdir='${docdir}'
sbindir='${exec_prefix}/sbin'
sharedstatedir='${prefix}/com'
sys_dir=''
sysconfdir='${prefix}/etc'
target_alias='x86_64-xen-elf'

## ----------- ##
## confdefs.h. ##
## ----------- ##

#define PACKAGE_NAME "newlib"
#define PACKAGE_TARNAME "newlib"
#define PACKAGE_VERSION "1.16.0"
#define PACKAGE_STRING "newlib 1.16.0"
#define PACKAGE_BUGREPORT ""

configure: exit 0
